2025-08-30 23:31:00,256 ERROR [1756621858828]              IOUtils.java:278  | Unmapping is not supported.
java.lang.reflect.InaccessibleObjectException: Unable to make public jdk.internal.ref.Cleaner java.nio.DirectByteBuffer.cleaner() accessible: module java.base does not "opens java.nio" to unnamed module @41fbdac4
	at java.base/java.lang.reflect.AccessibleObject.throwInaccessibleObjectException(Unknown Source)
	at java.base/java.lang.reflect.AccessibleObject.checkCanSetAccessible(Unknown Source)
	at java.base/java.lang.reflect.AccessibleObject.checkCanSetAccessible(Unknown Source)
	at java.base/java.lang.reflect.Method.checkCanSetAccessible(Unknown Source)
	at java.base/java.lang.reflect.Method.setAccessible(Unknown Source)
	at org.apache.pdfbox.io.IOUtils.unmapper(IOUtils.java:244)
	at java.base/java.security.AccessController.doPrivileged(Unknown Source)
	at org.apache.pdfbox.io.IOUtils.<clinit>(IOUtils.java:69)
	at org.apache.pdfbox.Loader.loadPDF(Loader.java:378)
	at org.audiveris.omr.image.ImageLoading.getPdfLoader(ImageLoading.java:159)
	at org.audiveris.omr.image.ImageLoading.getLoader(ImageLoading.java:209)
	at org.audiveris.omr.sheet.Book.createStubs(Book.java:557)
	at org.audiveris.omr.CLI$ProcessingTask.processBook(CLI.java:830)
	at org.audiveris.omr.CLI$CliTask.call(CLI.java:504)
	at org.audiveris.omr.Main.runBatchTasks(Main.java:371)
	at org.audiveris.omr.Main.main(Main.java:260)
	at Audiveris.main(Audiveris.java:50)
2025-08-30 23:31:00,302 INFO [1756621858828]                 Book.java:562  | 1 sheet in /Users/isabellelin/Documents/polygence-website/uploads/1756621858828.pdf
2025-08-30 23:31:00,509 INFO []                 Book.java:2531 | Stored /book.xml
2025-08-30 23:31:00,510 INFO []                 Book.java:2491 | Book stored as /Users/isabellelin/Documents/polygence-website/uploads/1756621858828.omr
2025-08-30 23:31:00,515 INFO []                 Book.java:1933 | Book reaching PAGE on sheets:[#1]
2025-08-30 23:31:00,516 INFO [1756621858828]       StepMonitoring.java:98   | LOAD
2025-08-30 23:31:00,885 INFO [1756621858828]            SheetStub.java:1268 | Loaded image #1 2550x3299 from /Users/isabellelin/Documents/polygence-website/uploads/1756621858828.pdf
2025-08-30 23:31:00,888 INFO [1756621858828]       StepMonitoring.java:98   | BINARY
2025-08-30 23:31:01,283 INFO [1756621858828]       StepMonitoring.java:98   | SCALE
2025-08-30 23:31:01,306 INFO [1756621858828]         ScaleBuilder.java:241  | Beam  guessed height: 10 -- 0.50 of 21 interline
2025-08-30 23:31:01,307 INFO [1756621858828]         ScaleBuilder.java:264  | Beam measured height: 11 -- 0.33 of [6..21] range at 150% of needed quorum
2025-08-30 23:31:01,308 INFO [1756621858828]            ScaleStep.java:65   | Scale{ interline(21,21,22) line(2,2,2) beam(11)}
2025-08-30 23:31:01,308 INFO [1756621858828]       StepMonitoring.java:98   | GRID
2025-08-30 23:31:01,764 INFO [1756621858828]       LinesRetriever.java:1500 | Global slope: 0.00000
2025-08-30 23:31:01,788 INFO [1756621858828]    ClustersRetriever.java:328  | Retrieved raw line clusters: 10 of sizes [5] with interline(21,21,22)
2025-08-30 23:31:01,909 INFO [1756621858828]            PeakGraph.java:310  | Systems: #1[1] #2[2] #3[3] #4[4] #5[5] #6[6] #7[7] #8[8] #9[9] #10[10]
2025-08-30 23:31:02,161 INFO [1756621858828]        SystemManager.java:779  | 1 part along 10 systems
2025-08-30 23:31:02,161 INFO [1756621858828]                 Book.java:545  | Created scores: [{Score 1}]
2025-08-30 23:31:02,162 INFO [1756621858828]       StepMonitoring.java:98   | HEADERS
2025-08-30 23:31:02,375 INFO [1756621858828]      BasicClassifier.java:277  | Classifier loaded XML norms.
2025-08-30 23:31:02,377 INFO [1756621858828]   AbstractClassifier.java:396  | Classifier data loaded from default uri jar:file:/Applications/Audiveris.app/Contents/app/audiveris.jar!/res/basic-classifier.zip
2025-08-30 23:31:03,024 INFO [1756621858828]       StepMonitoring.java:98   | STEM_SEEDS
2025-08-30 23:31:03,080 INFO [1756621858828]        StemSeedsStep.java:86   | stem(5 max:5)
2025-08-30 23:31:03,126 INFO [1756621858828]       StepMonitoring.java:98   | BEAMS
2025-08-30 23:31:07,280 INFO [1756621858828]       StepMonitoring.java:98   | LEDGERS
2025-08-30 23:31:07,443 INFO [1756621858828]       StepMonitoring.java:98   | HEADS
2025-08-30 23:31:12,317 INFO [1756621858828]        HeadSeedTally.java:235  | Scale information: HeadSeeds{NOTEHEAD_BLACK[L:0.4,R:0.5]}
2025-08-30 23:31:12,318 INFO [1756621858828]       StepMonitoring.java:98   | STEMS
2025-08-30 23:31:12,604 INFO [1756621858828]       StepMonitoring.java:98   | REDUCTION
2025-08-30 23:31:12,661 INFO [1756621858828]        ReductionStep.java:105  | Stems free length median value: 75 pixels, 3.6 interlines
2025-08-30 23:31:12,665 INFO [1756621858828]       StepMonitoring.java:98   | CUE_BEAMS
2025-08-30 23:31:12,666 INFO [1756621858828]         CueBeamsStep.java:81   | Step CUE_BEAMS is skipped because small heads switch is off
2025-08-30 23:31:12,666 INFO [1756621858828]       StepMonitoring.java:98   | TEXTS
2025-08-30 23:31:12,790 WARN [1756621858828]         TesseractOCR.java:335  | The collection of supported languages is empty
2025-08-30 23:31:12,791 INFO [1756621858828]              OcrUtil.java:106  | Missing support for 'eng' language(s)
2025-08-30 23:31:12,797 INFO [1756621858828]       StepMonitoring.java:98   | MEASURES
2025-08-30 23:31:12,805 INFO [1756621858828]                 Page.java:307  | 65 raw measures: [7 in system#1, 7 in system#2, 7 in system#3, 7 in system#4, 7 in system#5, 7 in system#6, 7 in system#7, 7 in system#8, 5 in system#9, 4 in system#10]
2025-08-30 23:31:12,805 INFO [1756621858828]       StepMonitoring.java:98   | CHORDS
2025-08-30 23:31:12,817 INFO [1756621858828]       StepMonitoring.java:98   | CURVES
2025-08-30 23:31:13,961 INFO [1756621858828]         SlursBuilder.java:240  | Slurs: 48
2025-08-30 23:31:13,978 INFO [1756621858828]      SegmentsBuilder.java:155  | Segments: 43
2025-08-30 23:31:13,982 INFO [1756621858828]       StepMonitoring.java:98   | SYMBOLS
2025-08-30 23:31:14,524 INFO [1756621858828]       StepMonitoring.java:98   | LINKS
2025-08-30 23:31:14,526 INFO [1756621858828]        SymbolsLinker.java:257  | No chord linked to OctaveShiftInter#4994{(0.769) staff:1 OTTAVA BASSA}
2025-08-30 23:31:14,532 INFO [1756621858828]        SymbolsLinker.java:257  | No chord linked to OctaveShiftInter#5008{(0.769) staff:2 OTTAVA ALTA}
2025-08-30 23:31:14,535 INFO [1756621858828]        SymbolsLinker.java:257  | No chord linked to OctaveShiftInter#5020{(0.203) staff:3 VENTIDUESIMA BASSA}
2025-08-30 23:31:14,538 INFO [1756621858828]        SymbolsLinker.java:257  | No chord linked to OctaveShiftInter#5027{(0.203) staff:4 VENTIDUESIMA ALTA}
2025-08-30 23:31:14,543 INFO [1756621858828]        SymbolsLinker.java:257  | No chord linked to OctaveShiftInter#5066{(0.197) staff:5 VENTIDUESIMA BASSA}
2025-08-30 23:31:14,546 INFO [1756621858828]        SymbolsLinker.java:257  | No chord linked to OctaveShiftInter#5092{(0.197) staff:6 VENTIDUESIMA ALTA}
2025-08-30 23:31:14,557 INFO [1756621858828]       StepMonitoring.java:98   | RHYTHMS
2025-08-30 23:31:14,593 INFO [1756621858828]       StepMonitoring.java:98   | PAGE
2025-08-30 23:31:14,597 INFO [1756621858828]                 Book.java:2550 | Book{1756621858828} storing
2025-08-30 23:31:14,636 INFO [1756621858828]                 Book.java:2531 | Stored /book.xml
2025-08-30 23:31:14,770 INFO [1756621858828]           DataHolder.java:348  | Stored /sheet#1/BINARY.png
2025-08-30 23:31:15,496 INFO [1756621858828]                Sheet.java:1562 | Stored /sheet#1/sheet#1.xml
2025-08-30 23:31:15,496 INFO [1756621858828]                 Book.java:2491 | Book stored as /Users/isabellelin/Documents/polygence-website/uploads/1756621858828.omr
2025-08-30 23:31:15,498 INFO [1756621858828]            SheetStub.java:1644 | Disposed sheet
2025-08-30 23:31:15,540 INFO [1756621858828]                 Book.java:2018 | End of Stub#1 memory: 45,946,808
2025-08-30 23:31:15,541 INFO [1756621858828]                 Book.java:2025 | Book processed.
2025-08-30 23:31:15,844 INFO [1756621858828]            SheetStub.java:995  | Loaded /sheet#1/sheet#1.xml
2025-08-30 23:31:16,040 INFO [1756621858828]      PartwiseBuilder.java:2661 | Exporting sheet(s): [#1]
2025-08-30 23:31:16,091 INFO [1756621858828]        ScoreExporter.java:164  | Score 1756621858828 exported to /Users/isabellelin/Documents/polygence-website/uploads/1756621858828.mxl
2025-08-30 23:31:16,121 INFO [1756621858828]                Score.java:181  | Closing {Score 1}
