2025-08-31 12:26:35,710 ERROR [1756668393777]              IOUtils.java:278  | Unmapping is not supported.
java.lang.reflect.InaccessibleObjectException: Unable to make public jdk.internal.ref.Cleaner java.nio.DirectByteBuffer.cleaner() accessible: module java.base does not "opens java.nio" to unnamed module @41fbdac4
	at java.base/java.lang.reflect.AccessibleObject.throwInaccessibleObjectException(Unknown Source)
	at java.base/java.lang.reflect.AccessibleObject.checkCanSetAccessible(Unknown Source)
	at java.base/java.lang.reflect.AccessibleObject.checkCanSetAccessible(Unknown Source)
	at java.base/java.lang.reflect.Method.checkCanSetAccessible(Unknown Source)
	at java.base/java.lang.reflect.Method.setAccessible(Unknown Source)
	at org.apache.pdfbox.io.IOUtils.unmapper(IOUtils.java:244)
	at java.base/java.security.AccessController.doPrivileged(Unknown Source)
	at org.apache.pdfbox.io.IOUtils.<clinit>(IOUtils.java:69)
	at org.apache.pdfbox.Loader.loadPDF(Loader.java:378)
	at org.audiveris.omr.image.ImageLoading.getPdfLoader(ImageLoading.java:159)
	at org.audiveris.omr.image.ImageLoading.getLoader(ImageLoading.java:209)
	at org.audiveris.omr.sheet.Book.createStubs(Book.java:557)
	at org.audiveris.omr.CLI$ProcessingTask.processBook(CLI.java:830)
	at org.audiveris.omr.CLI$CliTask.call(CLI.java:504)
	at org.audiveris.omr.Main.runBatchTasks(Main.java:371)
	at org.audiveris.omr.Main.main(Main.java:260)
	at Audiveris.main(Audiveris.java:50)
2025-08-31 12:26:35,814 INFO [1756668393777]                 Book.java:562  | 1 sheet in /Users/isabellelin/Documents/polygence-website/uploads/1756668393777.pdf
2025-08-31 12:26:36,164 INFO []                 Book.java:2531 | Stored /book.xml
2025-08-31 12:26:36,169 INFO []                 Book.java:2491 | Book stored as /Users/isabellelin/Documents/polygence-website/uploads/1756668393777.omr
2025-08-31 12:26:36,173 INFO []                 Book.java:1933 | Book reaching PAGE on sheets:[#1]
2025-08-31 12:26:36,174 INFO [1756668393777]       StepMonitoring.java:98   | LOAD
2025-08-31 12:26:36,651 INFO [1756668393777]            SheetStub.java:1268 | Loaded image #1 2883x3633 from /Users/isabellelin/Documents/polygence-website/uploads/1756668393777.pdf
2025-08-31 12:26:36,659 INFO [1756668393777]       StepMonitoring.java:98   | BINARY
2025-08-31 12:26:37,367 INFO [1756668393777]       StepMonitoring.java:98   | SCALE
2025-08-31 12:26:37,398 INFO [1756668393777]         ScaleBuilder.java:241  | Beam  guessed height: 10 -- 0.50 of 21 interline
2025-08-31 12:26:37,399 INFO [1756668393777]         ScaleBuilder.java:264  | Beam measured height: 11 -- 0.33 of [6..21] range at 126% of needed quorum
2025-08-31 12:26:37,400 INFO [1756668393777]            ScaleStep.java:65   | Scale{ interline(21,21,21) line(2,2,2) beam(11)}
2025-08-31 12:26:37,400 INFO [1756668393777]       StepMonitoring.java:98   | GRID
2025-08-31 12:26:37,579 INFO [1756668393777]       LinesRetriever.java:1500 | Global slope: 0.00000
2025-08-31 12:26:37,598 INFO [1756668393777]    ClustersRetriever.java:853  | Destroying spurious Cluster#C177{interline(21,21,21) size:5 fil#141@0 fil#156@1 fil#162@2 fil#167@3 fil#177@4}
2025-08-31 12:26:37,598 INFO [1756668393777]    ClustersRetriever.java:328  | Retrieved raw line clusters: 1 of sizes [5] with interline(21,21,21)
2025-08-31 12:26:37,637 INFO [1756668393777]            PeakGraph.java:310  | Systems: #1[1]
2025-08-31 12:26:37,800 INFO [1756668393777]        SystemManager.java:779  | 1 part along 1 system
2025-08-31 12:26:37,800 INFO [1756668393777]                 Book.java:545  | Created scores: [{Score 1}]
2025-08-31 12:26:37,801 INFO [1756668393777]       StepMonitoring.java:98   | HEADERS
2025-08-31 12:26:37,998 INFO [1756668393777]      BasicClassifier.java:277  | Classifier loaded XML norms.
2025-08-31 12:26:38,000 INFO [1756668393777]   AbstractClassifier.java:396  | Classifier data loaded from default uri jar:file:/Applications/Audiveris.app/Contents/app/audiveris.jar!/res/basic-classifier.zip
2025-08-31 12:26:38,853 INFO [1756668393777]       StepMonitoring.java:98   | STEM_SEEDS
2025-08-31 12:26:38,892 INFO [1756668393777]        StemSeedsStep.java:86   | stem(2 max:3)
2025-08-31 12:26:38,904 INFO [1756668393777]       StepMonitoring.java:98   | BEAMS
2025-08-31 12:26:43,416 INFO [1756668393777]       StepMonitoring.java:98   | LEDGERS
2025-08-31 12:26:43,546 INFO [1756668393777]       StepMonitoring.java:98   | HEADS
2025-08-31 12:26:44,435 INFO [1756668393777]        HeadSeedTally.java:235  | Scale information: HeadSeeds{NOTEHEAD_BLACK[R:-0.5]}
2025-08-31 12:26:44,436 INFO [1756668393777]       StepMonitoring.java:98   | STEMS
2025-08-31 12:26:44,519 INFO [1756668393777]       StepMonitoring.java:98   | REDUCTION
2025-08-31 12:26:44,538 INFO [1756668393777]        ReductionStep.java:105  | Stems free length median value: 74 pixels, 3.5 interlines
2025-08-31 12:26:44,539 INFO [1756668393777]       StepMonitoring.java:98   | CUE_BEAMS
2025-08-31 12:26:44,539 INFO [1756668393777]         CueBeamsStep.java:81   | Step CUE_BEAMS is skipped because small heads switch is off
2025-08-31 12:26:44,540 INFO [1756668393777]       StepMonitoring.java:98   | TEXTS
2025-08-31 12:26:44,617 WARN [1756668393777]         TesseractOCR.java:335  | The collection of supported languages is empty
2025-08-31 12:26:44,618 INFO [1756668393777]              OcrUtil.java:106  | Missing support for 'eng' language(s)
2025-08-31 12:26:44,622 INFO [1756668393777]       StepMonitoring.java:98   | MEASURES
2025-08-31 12:26:44,628 INFO [1756668393777]                 Page.java:307  | 7 raw measures: [7 in system#1]
2025-08-31 12:26:44,629 INFO [1756668393777]       StepMonitoring.java:98   | CHORDS
2025-08-31 12:26:44,634 INFO [1756668393777]       StepMonitoring.java:98   | CURVES
2025-08-31 12:26:45,536 INFO [1756668393777]         SlursBuilder.java:240  | Slurs: 0
2025-08-31 12:26:45,539 INFO [1756668393777]      SegmentsBuilder.java:155  | Segments: 0
2025-08-31 12:26:45,541 INFO [1756668393777]       StepMonitoring.java:98   | SYMBOLS
2025-08-31 12:26:45,655 INFO [1756668393777]       StepMonitoring.java:98   | LINKS
2025-08-31 12:26:45,665 INFO [1756668393777]       StepMonitoring.java:98   | RHYTHMS
2025-08-31 12:26:45,682 INFO [1756668393777]       StepMonitoring.java:98   | PAGE
2025-08-31 12:26:45,685 INFO [1756668393777]                 Book.java:2550 | Book{1756668393777} storing
2025-08-31 12:26:45,709 INFO [1756668393777]                 Book.java:2531 | Stored /book.xml
2025-08-31 12:26:45,872 INFO [1756668393777]           DataHolder.java:348  | Stored /sheet#1/BINARY.png
2025-08-31 12:26:46,076 INFO [1756668393777]                Sheet.java:1562 | Stored /sheet#1/sheet#1.xml
2025-08-31 12:26:46,076 INFO [1756668393777]                 Book.java:2491 | Book stored as /Users/isabellelin/Documents/polygence-website/uploads/1756668393777.omr
2025-08-31 12:26:46,078 INFO [1756668393777]            SheetStub.java:1644 | Disposed sheet
2025-08-31 12:26:46,115 INFO [1756668393777]                 Book.java:2018 | End of Stub#1 memory: 37,262,296
2025-08-31 12:26:46,115 INFO [1756668393777]                 Book.java:2025 | Book processed.
2025-08-31 12:26:46,266 INFO [1756668393777]            SheetStub.java:995  | Loaded /sheet#1/sheet#1.xml
2025-08-31 12:26:46,474 INFO [1756668393777]      PartwiseBuilder.java:2661 | Exporting sheet(s): [#1]
2025-08-31 12:26:46,500 INFO [1756668393777]        ScoreExporter.java:164  | Score 1756668393777 exported to /Users/isabellelin/Documents/polygence-website/uploads/1756668393777.mxl
2025-08-31 12:26:46,521 INFO [1756668393777]                Score.java:181  | Closing {Score 1}
