2025-08-31 11:51:01,245 ERROR [1756666259575]              IOUtils.java:278  | Unmapping is not supported.
java.lang.reflect.InaccessibleObjectException: Unable to make public jdk.internal.ref.Cleaner java.nio.DirectByteBuffer.cleaner() accessible: module java.base does not "opens java.nio" to unnamed module @41fbdac4
	at java.base/java.lang.reflect.AccessibleObject.throwInaccessibleObjectException(Unknown Source)
	at java.base/java.lang.reflect.AccessibleObject.checkCanSetAccessible(Unknown Source)
	at java.base/java.lang.reflect.AccessibleObject.checkCanSetAccessible(Unknown Source)
	at java.base/java.lang.reflect.Method.checkCanSetAccessible(Unknown Source)
	at java.base/java.lang.reflect.Method.setAccessible(Unknown Source)
	at org.apache.pdfbox.io.IOUtils.unmapper(IOUtils.java:244)
	at java.base/java.security.AccessController.doPrivileged(Unknown Source)
	at org.apache.pdfbox.io.IOUtils.<clinit>(IOUtils.java:69)
	at org.apache.pdfbox.Loader.loadPDF(Loader.java:378)
	at org.audiveris.omr.image.ImageLoading.getPdfLoader(ImageLoading.java:159)
	at org.audiveris.omr.image.ImageLoading.getLoader(ImageLoading.java:209)
	at org.audiveris.omr.sheet.Book.createStubs(Book.java:557)
	at org.audiveris.omr.CLI$ProcessingTask.processBook(CLI.java:830)
	at org.audiveris.omr.CLI$CliTask.call(CLI.java:504)
	at org.audiveris.omr.Main.runBatchTasks(Main.java:371)
	at org.audiveris.omr.Main.main(Main.java:260)
	at Audiveris.main(Audiveris.java:50)
2025-08-31 11:51:01,291 INFO [1756666259575]                 Book.java:562  | 1 sheet in /Users/isabellelin/Documents/polygence-website/uploads/1756666259575.pdf
2025-08-31 11:51:01,392 INFO []                 Book.java:2531 | Stored /book.xml
2025-08-31 11:51:01,393 INFO []                 Book.java:2491 | Book stored as /Users/isabellelin/Documents/polygence-website/uploads/1756666259575.omr
2025-08-31 11:51:01,395 INFO []                 Book.java:1933 | Book reaching PAGE on sheets:[#1]
2025-08-31 11:51:01,396 INFO [1756666259575]       StepMonitoring.java:98   | LOAD
2025-08-31 11:51:01,727 INFO [1756666259575]            SheetStub.java:1268 | Loaded image #1 2883x3633 from /Users/isabellelin/Documents/polygence-website/uploads/1756666259575.pdf
2025-08-31 11:51:01,730 INFO [1756666259575]       StepMonitoring.java:98   | BINARY
2025-08-31 11:51:02,177 INFO [1756666259575]       StepMonitoring.java:98   | SCALE
2025-08-31 11:51:02,202 INFO [1756666259575]         ScaleBuilder.java:241  | Beam  guessed height: 10 -- 0.50 of 21 interline
2025-08-31 11:51:02,203 INFO [1756666259575]         ScaleBuilder.java:264  | Beam measured height: 11 -- 0.33 of [6..21] range at 120% of needed quorum
2025-08-31 11:51:02,203 INFO [1756666259575]            ScaleStep.java:65   | Scale{ interline(21,21,21) line(2,2,2) beam(11)}
2025-08-31 11:51:02,203 INFO [1756666259575]       StepMonitoring.java:98   | GRID
2025-08-31 11:51:02,577 INFO [1756666259575]       LinesRetriever.java:1500 | Global slope: 0.00000
2025-08-31 11:51:02,604 INFO [1756666259575]    ClustersRetriever.java:328  | Retrieved raw line clusters: 10 of sizes [5] with interline(21,21,21)
2025-08-31 11:51:02,722 INFO [1756666259575]            PeakGraph.java:310  | Systems: #1[1] #2[2] #3[3] #4[4] #5[5] #6[6] #7[7] #8[8] #9[9] #10[10]
2025-08-31 11:51:02,984 INFO [1756666259575]        SystemManager.java:134  | Indentation detected for system #1
2025-08-31 11:51:02,985 INFO [1756666259575]        SystemManager.java:779  | 1 part along 10 systems
2025-08-31 11:51:02,985 INFO [1756666259575]                 Book.java:545  | Created scores: [{Score 1}]
2025-08-31 11:51:02,986 INFO [1756666259575]       StepMonitoring.java:98   | HEADERS
2025-08-31 11:51:03,162 INFO [1756666259575]      BasicClassifier.java:277  | Classifier loaded XML norms.
2025-08-31 11:51:03,164 INFO [1756666259575]   AbstractClassifier.java:396  | Classifier data loaded from default uri jar:file:/Applications/Audiveris.app/Contents/app/audiveris.jar!/res/basic-classifier.zip
2025-08-31 11:51:03,756 INFO [1756666259575]       StepMonitoring.java:98   | STEM_SEEDS
2025-08-31 11:51:03,801 INFO [1756666259575]        StemSeedsStep.java:86   | stem(2 max:3)
2025-08-31 11:51:03,829 INFO [1756666259575]       StepMonitoring.java:98   | BEAMS
2025-08-31 11:51:08,476 INFO [1756666259575]       StepMonitoring.java:98   | LEDGERS
2025-08-31 11:51:08,638 INFO [1756666259575]       StepMonitoring.java:98   | HEADS
2025-08-31 11:51:13,947 INFO [1756666259575]        HeadSeedTally.java:235  | Scale information: HeadSeeds{NOTEHEAD_BLACK[L:-0.5,R:-0.6]}
2025-08-31 11:51:13,948 INFO [1756666259575]       StepMonitoring.java:98   | STEMS
2025-08-31 11:51:14,275 INFO [1756666259575]       StepMonitoring.java:98   | REDUCTION
2025-08-31 11:51:14,337 INFO [1756666259575]        ReductionStep.java:105  | Stems free length median value: 74 pixels, 3.5 interlines
2025-08-31 11:51:14,340 INFO [1756666259575]       StepMonitoring.java:98   | CUE_BEAMS
2025-08-31 11:51:14,340 INFO [1756666259575]         CueBeamsStep.java:81   | Step CUE_BEAMS is skipped because small heads switch is off
2025-08-31 11:51:14,341 INFO [1756666259575]       StepMonitoring.java:98   | TEXTS
2025-08-31 11:51:14,487 WARN [1756666259575]         TesseractOCR.java:335  | The collection of supported languages is empty
2025-08-31 11:51:14,488 INFO [1756666259575]              OcrUtil.java:106  | Missing support for 'eng' language(s)
2025-08-31 11:51:14,495 INFO [1756666259575]       StepMonitoring.java:98   | MEASURES
2025-08-31 11:51:14,504 INFO [1756666259575]                 Page.java:307  | 65 raw measures: [7 in system#1, 7 in system#2, 7 in system#3, 7 in system#4, 7 in system#5, 7 in system#6, 7 in system#7, 7 in system#8, 5 in system#9, 4 in system#10]
2025-08-31 11:51:14,504 INFO [1756666259575]       StepMonitoring.java:98   | CHORDS
2025-08-31 11:51:14,517 INFO [1756666259575]       StepMonitoring.java:98   | CURVES
2025-08-31 11:51:15,686 INFO [1756666259575]         SlursBuilder.java:240  | Slurs: 41
2025-08-31 11:51:15,692 INFO [1756666259575]      SegmentsBuilder.java:155  | Segments: 13
2025-08-31 11:51:15,695 INFO [1756666259575]       StepMonitoring.java:98   | SYMBOLS
2025-08-31 11:51:15,886 INFO [1756666259575]       StepMonitoring.java:98   | LINKS
2025-08-31 11:51:15,893 INFO [1756666259575]        SymbolsLinker.java:257  | No chord linked to OctaveShiftInter#4325{(0.764) staff:2 OTTAVA ALTA}
2025-08-31 11:51:15,896 INFO [1756666259575]        SymbolsLinker.java:257  | No chord linked to OctaveShiftInter#4337{(0.632) staff:3 VENTIDUESIMA BASSA}
2025-08-31 11:51:15,899 INFO [1756666259575]        SymbolsLinker.java:257  | No chord linked to OctaveShiftInter#4344{(0.632) staff:4 VENTIDUESIMA ALTA}
2025-08-31 11:51:15,914 INFO [1756666259575]       StepMonitoring.java:98   | RHYTHMS
2025-08-31 11:51:15,952 INFO [1756666259575]       StepMonitoring.java:98   | PAGE
2025-08-31 11:51:15,957 INFO [1756666259575]                 Book.java:2550 | Book{1756666259575} storing
2025-08-31 11:51:15,993 INFO [1756666259575]                 Book.java:2531 | Stored /book.xml
2025-08-31 11:51:16,169 INFO [1756666259575]           DataHolder.java:348  | Stored /sheet#1/BINARY.png
2025-08-31 11:51:16,837 INFO [1756666259575]                Sheet.java:1562 | Stored /sheet#1/sheet#1.xml
2025-08-31 11:51:16,838 INFO [1756666259575]                 Book.java:2491 | Book stored as /Users/isabellelin/Documents/polygence-website/uploads/1756666259575.omr
2025-08-31 11:51:16,839 INFO [1756666259575]            SheetStub.java:1644 | Disposed sheet
2025-08-31 11:51:16,882 INFO [1756666259575]                 Book.java:2018 | End of Stub#1 memory: 36,296,304
2025-08-31 11:51:16,882 INFO [1756666259575]                 Book.java:2025 | Book processed.
2025-08-31 11:51:17,157 INFO [1756666259575]            SheetStub.java:995  | Loaded /sheet#1/sheet#1.xml
2025-08-31 11:51:17,366 INFO [1756666259575]      PartwiseBuilder.java:2661 | Exporting sheet(s): [#1]
2025-08-31 11:51:17,420 INFO [1756666259575]        ScoreExporter.java:164  | Score 1756666259575 exported to /Users/isabellelin/Documents/polygence-website/uploads/1756666259575.mxl
2025-08-31 11:51:17,448 INFO [1756666259575]                Score.java:181  | Closing {Score 1}
