2025-08-30 23:24:42,488 ERROR [1756621481035]              IOUtils.java:278  | Unmapping is not supported.
java.lang.reflect.InaccessibleObjectException: Unable to make public jdk.internal.ref.Cleaner java.nio.DirectByteBuffer.cleaner() accessible: module java.base does not "opens java.nio" to unnamed module @41fbdac4
	at java.base/java.lang.reflect.AccessibleObject.throwInaccessibleObjectException(Unknown Source)
	at java.base/java.lang.reflect.AccessibleObject.checkCanSetAccessible(Unknown Source)
	at java.base/java.lang.reflect.AccessibleObject.checkCanSetAccessible(Unknown Source)
	at java.base/java.lang.reflect.Method.checkCanSetAccessible(Unknown Source)
	at java.base/java.lang.reflect.Method.setAccessible(Unknown Source)
	at org.apache.pdfbox.io.IOUtils.unmapper(IOUtils.java:244)
	at java.base/java.security.AccessController.doPrivileged(Unknown Source)
	at org.apache.pdfbox.io.IOUtils.<clinit>(IOUtils.java:69)
	at org.apache.pdfbox.Loader.loadPDF(Loader.java:378)
	at org.audiveris.omr.image.ImageLoading.getPdfLoader(ImageLoading.java:159)
	at org.audiveris.omr.image.ImageLoading.getLoader(ImageLoading.java:209)
	at org.audiveris.omr.sheet.Book.createStubs(Book.java:557)
	at org.audiveris.omr.CLI$ProcessingTask.processBook(CLI.java:830)
	at org.audiveris.omr.CLI$CliTask.call(CLI.java:504)
	at org.audiveris.omr.Main.runBatchTasks(Main.java:371)
	at org.audiveris.omr.Main.main(Main.java:260)
	at Audiveris.main(Audiveris.java:50)
2025-08-30 23:24:42,534 INFO [1756621481035]                 Book.java:562  | 1 sheet in /Users/isabellelin/Documents/polygence-website/uploads/1756621481035.pdf
2025-08-30 23:24:42,652 INFO []                 Book.java:2531 | Stored /book.xml
2025-08-30 23:24:42,652 INFO []                 Book.java:2491 | Book stored as /Users/isabellelin/Documents/polygence-website/uploads/1756621481035.omr
2025-08-30 23:24:42,656 INFO []                 Book.java:1933 | Book reaching PAGE on sheets:[#1]
2025-08-30 23:24:42,657 INFO [1756621481035]       StepMonitoring.java:98   | LOAD
2025-08-30 23:24:42,999 INFO [1756621481035]            SheetStub.java:1268 | Loaded image #1 2550x3299 from /Users/isabellelin/Documents/polygence-website/uploads/1756621481035.pdf
2025-08-30 23:24:43,002 INFO [1756621481035]       StepMonitoring.java:98   | BINARY
2025-08-30 23:24:43,385 INFO [1756621481035]       StepMonitoring.java:98   | SCALE
2025-08-30 23:24:43,415 INFO [1756621481035]         ScaleBuilder.java:241  | Beam  guessed height: 10 -- 0.50 of 21 interline
2025-08-30 23:24:43,416 INFO [1756621481035]         ScaleBuilder.java:264  | Beam measured height: 11 -- 0.33 of [6..21] range at 150% of needed quorum
2025-08-30 23:24:43,416 INFO [1756621481035]            ScaleStep.java:65   | Scale{ interline(21,21,22) line(2,2,2) beam(11)}
2025-08-30 23:24:43,416 INFO [1756621481035]       StepMonitoring.java:98   | GRID
2025-08-30 23:24:43,855 INFO [1756621481035]       LinesRetriever.java:1500 | Global slope: 0.00000
2025-08-30 23:24:43,879 INFO [1756621481035]    ClustersRetriever.java:328  | Retrieved raw line clusters: 10 of sizes [5] with interline(21,21,22)
2025-08-30 23:24:44,000 INFO [1756621481035]            PeakGraph.java:310  | Systems: #1[1] #2[2] #3[3] #4[4] #5[5] #6[6] #7[7] #8[8] #9[9] #10[10]
2025-08-30 23:24:44,248 INFO [1756621481035]        SystemManager.java:779  | 1 part along 10 systems
2025-08-30 23:24:44,248 INFO [1756621481035]                 Book.java:545  | Created scores: [{Score 1}]
2025-08-30 23:24:44,249 INFO [1756621481035]       StepMonitoring.java:98   | HEADERS
2025-08-30 23:24:44,463 INFO [1756621481035]      BasicClassifier.java:277  | Classifier loaded XML norms.
2025-08-30 23:24:44,466 INFO [1756621481035]   AbstractClassifier.java:396  | Classifier data loaded from default uri jar:file:/Applications/Audiveris.app/Contents/app/audiveris.jar!/res/basic-classifier.zip
2025-08-30 23:24:45,403 INFO [1756621481035]       StepMonitoring.java:98   | STEM_SEEDS
2025-08-30 23:24:45,472 INFO [1756621481035]        StemSeedsStep.java:86   | stem(5 max:5)
2025-08-30 23:24:45,539 INFO [1756621481035]       StepMonitoring.java:98   | BEAMS
2025-08-30 23:24:49,560 INFO [1756621481035]       StepMonitoring.java:98   | LEDGERS
2025-08-30 23:24:49,744 INFO [1756621481035]       StepMonitoring.java:98   | HEADS
2025-08-30 23:24:54,618 INFO [1756621481035]        HeadSeedTally.java:235  | Scale information: HeadSeeds{NOTEHEAD_BLACK[L:0.4,R:0.5]}
2025-08-30 23:24:54,619 INFO [1756621481035]       StepMonitoring.java:98   | STEMS
2025-08-30 23:24:54,886 INFO [1756621481035]       StepMonitoring.java:98   | REDUCTION
2025-08-30 23:24:54,947 INFO [1756621481035]        ReductionStep.java:105  | Stems free length median value: 75 pixels, 3.6 interlines
2025-08-30 23:24:54,950 INFO [1756621481035]       StepMonitoring.java:98   | CUE_BEAMS
2025-08-30 23:24:54,950 INFO [1756621481035]         CueBeamsStep.java:81   | Step CUE_BEAMS is skipped because small heads switch is off
2025-08-30 23:24:54,950 INFO [1756621481035]       StepMonitoring.java:98   | TEXTS
2025-08-30 23:24:55,072 WARN [1756621481035]         TesseractOCR.java:335  | The collection of supported languages is empty
2025-08-30 23:24:55,072 INFO [1756621481035]              OcrUtil.java:106  | Missing support for 'eng' language(s)
2025-08-30 23:24:55,079 INFO [1756621481035]       StepMonitoring.java:98   | MEASURES
2025-08-30 23:24:55,086 INFO [1756621481035]                 Page.java:307  | 65 raw measures: [7 in system#1, 7 in system#2, 7 in system#3, 7 in system#4, 7 in system#5, 7 in system#6, 7 in system#7, 7 in system#8, 5 in system#9, 4 in system#10]
2025-08-30 23:24:55,086 INFO [1756621481035]       StepMonitoring.java:98   | CHORDS
2025-08-30 23:24:55,097 INFO [1756621481035]       StepMonitoring.java:98   | CURVES
2025-08-30 23:24:56,233 INFO [1756621481035]         SlursBuilder.java:240  | Slurs: 48
2025-08-30 23:24:56,251 INFO [1756621481035]      SegmentsBuilder.java:155  | Segments: 43
2025-08-30 23:24:56,254 INFO [1756621481035]       StepMonitoring.java:98   | SYMBOLS
2025-08-30 23:24:56,755 INFO [1756621481035]       StepMonitoring.java:98   | LINKS
2025-08-30 23:24:56,757 INFO [1756621481035]        SymbolsLinker.java:257  | No chord linked to OctaveShiftInter#5043{(0.769) staff:1 OTTAVA BASSA}
2025-08-30 23:24:56,764 INFO [1756621481035]        SymbolsLinker.java:257  | No chord linked to OctaveShiftInter#5057{(0.769) staff:2 OTTAVA ALTA}
2025-08-30 23:24:56,767 INFO [1756621481035]        SymbolsLinker.java:257  | No chord linked to OctaveShiftInter#5069{(0.203) staff:3 VENTIDUESIMA BASSA}
2025-08-30 23:24:56,770 INFO [1756621481035]        SymbolsLinker.java:257  | No chord linked to OctaveShiftInter#5076{(0.203) staff:4 VENTIDUESIMA ALTA}
2025-08-30 23:24:56,775 INFO [1756621481035]        SymbolsLinker.java:257  | No chord linked to OctaveShiftInter#5115{(0.197) staff:5 VENTIDUESIMA BASSA}
2025-08-30 23:24:56,778 INFO [1756621481035]        SymbolsLinker.java:257  | No chord linked to OctaveShiftInter#5141{(0.197) staff:6 VENTIDUESIMA ALTA}
2025-08-30 23:24:56,789 INFO [1756621481035]       StepMonitoring.java:98   | RHYTHMS
2025-08-30 23:24:56,824 INFO [1756621481035]       StepMonitoring.java:98   | PAGE
2025-08-30 23:24:56,828 INFO [1756621481035]                 Book.java:2550 | Book{1756621481035} storing
2025-08-30 23:24:56,865 INFO [1756621481035]                 Book.java:2531 | Stored /book.xml
2025-08-30 23:24:57,034 INFO [1756621481035]           DataHolder.java:348  | Stored /sheet#1/BINARY.png
2025-08-30 23:24:57,759 INFO [1756621481035]                Sheet.java:1562 | Stored /sheet#1/sheet#1.xml
2025-08-30 23:24:57,759 INFO [1756621481035]                 Book.java:2491 | Book stored as /Users/isabellelin/Documents/polygence-website/uploads/1756621481035.omr
2025-08-30 23:24:57,761 INFO [1756621481035]            SheetStub.java:1644 | Disposed sheet
2025-08-30 23:24:57,803 INFO [1756621481035]                 Book.java:2018 | End of Stub#1 memory: 46,504,792
2025-08-30 23:24:57,803 INFO [1756621481035]                 Book.java:2025 | Book processed.
2025-08-30 23:24:58,093 INFO [1756621481035]            SheetStub.java:995  | Loaded /sheet#1/sheet#1.xml
2025-08-30 23:24:58,293 INFO [1756621481035]      PartwiseBuilder.java:2661 | Exporting sheet(s): [#1]
2025-08-30 23:24:58,342 INFO [1756621481035]        ScoreExporter.java:164  | Score 1756621481035 exported to /Users/isabellelin/Documents/polygence-website/uploads/1756621481035.mxl
2025-08-30 23:24:58,372 INFO [1756621481035]                Score.java:181  | Closing {Score 1}
