2025-08-30 23:42:43,166 ERROR [1756622561657]              IOUtils.java:278  | Unmapping is not supported.
java.lang.reflect.InaccessibleObjectException: Unable to make public jdk.internal.ref.Cleaner java.nio.DirectByteBuffer.cleaner() accessible: module java.base does not "opens java.nio" to unnamed module @41fbdac4
	at java.base/java.lang.reflect.AccessibleObject.throwInaccessibleObjectException(Unknown Source)
	at java.base/java.lang.reflect.AccessibleObject.checkCanSetAccessible(Unknown Source)
	at java.base/java.lang.reflect.AccessibleObject.checkCanSetAccessible(Unknown Source)
	at java.base/java.lang.reflect.Method.checkCanSetAccessible(Unknown Source)
	at java.base/java.lang.reflect.Method.setAccessible(Unknown Source)
	at org.apache.pdfbox.io.IOUtils.unmapper(IOUtils.java:244)
	at java.base/java.security.AccessController.doPrivileged(Unknown Source)
	at org.apache.pdfbox.io.IOUtils.<clinit>(IOUtils.java:69)
	at org.apache.pdfbox.Loader.loadPDF(Loader.java:378)
	at org.audiveris.omr.image.ImageLoading.getPdfLoader(ImageLoading.java:159)
	at org.audiveris.omr.image.ImageLoading.getLoader(ImageLoading.java:209)
	at org.audiveris.omr.sheet.Book.createStubs(Book.java:557)
	at org.audiveris.omr.CLI$ProcessingTask.processBook(CLI.java:830)
	at org.audiveris.omr.CLI$CliTask.call(CLI.java:504)
	at org.audiveris.omr.Main.runBatchTasks(Main.java:371)
	at org.audiveris.omr.Main.main(Main.java:260)
	at Audiveris.main(Audiveris.java:50)
2025-08-30 23:42:43,209 INFO [1756622561657]                 Book.java:562  | 1 sheet in /Users/isabellelin/Documents/polygence-website/uploads/1756622561657.pdf
2025-08-30 23:42:43,350 INFO []                 Book.java:2531 | Stored /book.xml
2025-08-30 23:42:43,350 INFO []                 Book.java:2491 | Book stored as /Users/isabellelin/Documents/polygence-website/uploads/1756622561657.omr
2025-08-30 23:42:43,353 INFO []                 Book.java:1933 | Book reaching PAGE on sheets:[#1]
2025-08-30 23:42:43,354 INFO [1756622561657]       StepMonitoring.java:98   | LOAD
2025-08-30 23:42:43,691 INFO [1756622561657]            SheetStub.java:1268 | Loaded image #1 2550x3299 from /Users/isabellelin/Documents/polygence-website/uploads/1756622561657.pdf
2025-08-30 23:42:43,693 INFO [1756622561657]       StepMonitoring.java:98   | BINARY
2025-08-30 23:42:44,085 INFO [1756622561657]       StepMonitoring.java:98   | SCALE
2025-08-30 23:42:44,115 INFO [1756622561657]         ScaleBuilder.java:241  | Beam  guessed height: 10 -- 0.50 of 21 interline
2025-08-30 23:42:44,116 INFO [1756622561657]         ScaleBuilder.java:264  | Beam measured height: 11 -- 0.33 of [6..21] range at 150% of needed quorum
2025-08-30 23:42:44,116 INFO [1756622561657]            ScaleStep.java:65   | Scale{ interline(21,21,22) line(2,2,2) beam(11)}
2025-08-30 23:42:44,117 INFO [1756622561657]       StepMonitoring.java:98   | GRID
2025-08-30 23:42:44,509 INFO [1756622561657]       LinesRetriever.java:1500 | Global slope: 0.00000
2025-08-30 23:42:44,532 INFO [1756622561657]    ClustersRetriever.java:328  | Retrieved raw line clusters: 10 of sizes [5] with interline(21,21,22)
2025-08-30 23:42:44,656 INFO [1756622561657]            PeakGraph.java:310  | Systems: #1[1] #2[2] #3[3] #4[4] #5[5] #6[6] #7[7] #8[8] #9[9] #10[10]
2025-08-30 23:42:44,911 INFO [1756622561657]        SystemManager.java:779  | 1 part along 10 systems
2025-08-30 23:42:44,911 INFO [1756622561657]                 Book.java:545  | Created scores: [{Score 1}]
2025-08-30 23:42:44,912 INFO [1756622561657]       StepMonitoring.java:98   | HEADERS
2025-08-30 23:42:45,105 INFO [1756622561657]      BasicClassifier.java:277  | Classifier loaded XML norms.
2025-08-30 23:42:45,107 INFO [1756622561657]   AbstractClassifier.java:396  | Classifier data loaded from default uri jar:file:/Applications/Audiveris.app/Contents/app/audiveris.jar!/res/basic-classifier.zip
2025-08-30 23:42:45,764 INFO [1756622561657]       StepMonitoring.java:98   | STEM_SEEDS
2025-08-30 23:42:45,827 INFO [1756622561657]        StemSeedsStep.java:86   | stem(5 max:5)
2025-08-30 23:42:45,893 INFO [1756622561657]       StepMonitoring.java:98   | BEAMS
2025-08-30 23:42:50,574 INFO [1756622561657]       StepMonitoring.java:98   | LEDGERS
2025-08-30 23:42:50,771 INFO [1756622561657]       StepMonitoring.java:98   | HEADS
2025-08-30 23:42:56,931 INFO [1756622561657]        HeadSeedTally.java:235  | Scale information: HeadSeeds{NOTEHEAD_BLACK[L:0.4,R:0.5]}
2025-08-30 23:42:56,933 INFO [1756622561657]       StepMonitoring.java:98   | STEMS
2025-08-30 23:42:57,259 INFO [1756622561657]       StepMonitoring.java:98   | REDUCTION
2025-08-30 23:42:57,325 INFO [1756622561657]        ReductionStep.java:105  | Stems free length median value: 75 pixels, 3.6 interlines
2025-08-30 23:42:57,328 INFO [1756622561657]       StepMonitoring.java:98   | CUE_BEAMS
2025-08-30 23:42:57,328 INFO [1756622561657]         CueBeamsStep.java:81   | Step CUE_BEAMS is skipped because small heads switch is off
2025-08-30 23:42:57,329 INFO [1756622561657]       StepMonitoring.java:98   | TEXTS
2025-08-30 23:42:57,455 WARN [1756622561657]         TesseractOCR.java:335  | The collection of supported languages is empty
2025-08-30 23:42:57,455 INFO [1756622561657]              OcrUtil.java:106  | Missing support for 'eng' language(s)
2025-08-30 23:42:57,461 INFO [1756622561657]       StepMonitoring.java:98   | MEASURES
2025-08-30 23:42:57,470 INFO [1756622561657]                 Page.java:307  | 65 raw measures: [7 in system#1, 7 in system#2, 7 in system#3, 7 in system#4, 7 in system#5, 7 in system#6, 7 in system#7, 7 in system#8, 5 in system#9, 4 in system#10]
2025-08-30 23:42:57,470 INFO [1756622561657]       StepMonitoring.java:98   | CHORDS
2025-08-30 23:42:57,480 INFO [1756622561657]       StepMonitoring.java:98   | CURVES
2025-08-30 23:42:58,588 INFO [1756622561657]         SlursBuilder.java:240  | Slurs: 48
2025-08-30 23:42:58,611 INFO [1756622561657]      SegmentsBuilder.java:155  | Segments: 43
2025-08-30 23:42:58,614 INFO [1756622561657]       StepMonitoring.java:98   | SYMBOLS
2025-08-30 23:42:59,145 INFO [1756622561657]       StepMonitoring.java:98   | LINKS
2025-08-30 23:42:59,147 INFO [1756622561657]        SymbolsLinker.java:257  | No chord linked to OctaveShiftInter#5040{(0.769) staff:1 OTTAVA BASSA}
2025-08-30 23:42:59,154 INFO [1756622561657]        SymbolsLinker.java:257  | No chord linked to OctaveShiftInter#5055{(0.769) staff:2 OTTAVA ALTA}
2025-08-30 23:42:59,157 INFO [1756622561657]        SymbolsLinker.java:257  | No chord linked to OctaveShiftInter#5067{(0.203) staff:3 VENTIDUESIMA BASSA}
2025-08-30 23:42:59,160 INFO [1756622561657]        SymbolsLinker.java:257  | No chord linked to OctaveShiftInter#5074{(0.203) staff:4 VENTIDUESIMA ALTA}
2025-08-30 23:42:59,165 INFO [1756622561657]        SymbolsLinker.java:257  | No chord linked to OctaveShiftInter#5113{(0.197) staff:5 VENTIDUESIMA BASSA}
2025-08-30 23:42:59,169 INFO [1756622561657]        SymbolsLinker.java:257  | No chord linked to OctaveShiftInter#5139{(0.197) staff:6 VENTIDUESIMA ALTA}
2025-08-30 23:42:59,181 INFO [1756622561657]       StepMonitoring.java:98   | RHYTHMS
2025-08-30 23:42:59,217 INFO [1756622561657]       StepMonitoring.java:98   | PAGE
2025-08-30 23:42:59,221 INFO [1756622561657]                 Book.java:2550 | Book{1756622561657} storing
2025-08-30 23:42:59,263 INFO [1756622561657]                 Book.java:2531 | Stored /book.xml
2025-08-30 23:42:59,439 INFO [1756622561657]           DataHolder.java:348  | Stored /sheet#1/BINARY.png
2025-08-30 23:43:00,182 INFO [1756622561657]                Sheet.java:1562 | Stored /sheet#1/sheet#1.xml
2025-08-30 23:43:00,182 INFO [1756622561657]                 Book.java:2491 | Book stored as /Users/isabellelin/Documents/polygence-website/uploads/1756622561657.omr
2025-08-30 23:43:00,184 INFO [1756622561657]            SheetStub.java:1644 | Disposed sheet
2025-08-30 23:43:00,228 INFO [1756622561657]                 Book.java:2018 | End of Stub#1 memory: 45,389,192
2025-08-30 23:43:00,228 INFO [1756622561657]                 Book.java:2025 | Book processed.
2025-08-30 23:43:00,548 INFO [1756622561657]            SheetStub.java:995  | Loaded /sheet#1/sheet#1.xml
2025-08-30 23:43:00,770 INFO [1756622561657]      PartwiseBuilder.java:2661 | Exporting sheet(s): [#1]
2025-08-30 23:43:00,822 INFO [1756622561657]        ScoreExporter.java:164  | Score 1756622561657 exported to /Users/isabellelin/Documents/polygence-website/uploads/1756622561657.mxl
2025-08-30 23:43:00,851 INFO [1756622561657]                Score.java:181  | Closing {Score 1}
