2025-08-30 23:14:10,804 ERROR [1756620849016]              IOUtils.java:278  | Unmapping is not supported.
java.lang.reflect.InaccessibleObjectException: Unable to make public jdk.internal.ref.Cleaner java.nio.DirectByteBuffer.cleaner() accessible: module java.base does not "opens java.nio" to unnamed module @41fbdac4
	at java.base/java.lang.reflect.AccessibleObject.throwInaccessibleObjectException(Unknown Source)
	at java.base/java.lang.reflect.AccessibleObject.checkCanSetAccessible(Unknown Source)
	at java.base/java.lang.reflect.AccessibleObject.checkCanSetAccessible(Unknown Source)
	at java.base/java.lang.reflect.Method.checkCanSetAccessible(Unknown Source)
	at java.base/java.lang.reflect.Method.setAccessible(Unknown Source)
	at org.apache.pdfbox.io.IOUtils.unmapper(IOUtils.java:244)
	at java.base/java.security.AccessController.doPrivileged(Unknown Source)
	at org.apache.pdfbox.io.IOUtils.<clinit>(IOUtils.java:69)
	at org.apache.pdfbox.Loader.loadPDF(Loader.java:378)
	at org.audiveris.omr.image.ImageLoading.getPdfLoader(ImageLoading.java:159)
	at org.audiveris.omr.image.ImageLoading.getLoader(ImageLoading.java:209)
	at org.audiveris.omr.sheet.Book.createStubs(Book.java:557)
	at org.audiveris.omr.CLI$ProcessingTask.processBook(CLI.java:830)
	at org.audiveris.omr.CLI$CliTask.call(CLI.java:504)
	at org.audiveris.omr.Main.runBatchTasks(Main.java:371)
	at org.audiveris.omr.Main.main(Main.java:260)
	at Audiveris.main(Audiveris.java:50)
2025-08-30 23:14:10,846 INFO [1756620849016]                 Book.java:562  | 1 sheet in /Users/isabellelin/Documents/polygence-website/uploads/1756620849016.pdf
2025-08-30 23:14:10,946 INFO []                 Book.java:2531 | Stored /book.xml
2025-08-30 23:14:10,946 INFO []                 Book.java:2491 | Book stored as /Users/isabellelin/Documents/polygence-website/uploads/1756620849016.omr
2025-08-30 23:14:10,949 INFO []                 Book.java:1933 | Book reaching PAGE on sheets:[#1]
2025-08-30 23:14:10,950 INFO [1756620849016]       StepMonitoring.java:98   | LOAD
2025-08-30 23:14:11,220 INFO [1756620849016]            SheetStub.java:1268 | Loaded image #1 3566x4616 from /Users/isabellelin/Documents/polygence-website/uploads/1756620849016.pdf
2025-08-30 23:14:11,223 INFO [1756620849016]       StepMonitoring.java:98   | BINARY
2025-08-30 23:14:11,798 INFO [1756620849016]       StepMonitoring.java:98   | SCALE
2025-08-30 23:14:11,812 INFO [1756620849016]         ScaleBuilder.java:222  | Significant beam peak detected: 8 pixels
2025-08-30 23:14:11,812 INFO [1756620849016]            ScaleStep.java:65   | Scale{ interline(29,29,30) line(4,4,5) beam(8)}
2025-08-30 23:14:11,813 INFO [1756620849016]       StepMonitoring.java:98   | GRID
2025-08-30 23:14:12,132 INFO [1756620849016]       LinesRetriever.java:1500 | Global slope: 0.00000
2025-08-30 23:14:12,141 INFO [1756620849016]    ClustersRetriever.java:328  | Retrieved raw line clusters: 0 of sizes [5] with interline(29,29,30)
2025-08-30 23:14:12,149 WARN [1756620849016]            PeakGraph.java:305  | No system found
2025-08-30 23:14:12,149 INFO [1756620849016]                 Book.java:545  | Created scores: []
2025-08-30 23:14:12,149 INFO [1756620849016]            SheetStub.java:1186 | Sheet 1756620849016 flagged as invalid.
2025-08-30 23:14:12,150 INFO [1756620849016]            SheetStub.java:1394 | StepException cause detected in [LOAD, BINARY, SCALE, GRID, HEADERS, STEM_SEEDS, BEAMS, LEDGERS, HEADS, STEMS, REDUCTION, CUE_BEAMS, TEXTS, MEASURES, CHORDS, CURVES, SYMBOLS, LINKS, RHYTHMS, PAGE]
2025-08-30 23:14:12,150 INFO [1756620849016]                 Book.java:2550 | Book{1756620849016} storing
2025-08-30 23:14:12,161 INFO [1756620849016]                 Book.java:2531 | Stored /book.xml
2025-08-30 23:14:12,377 INFO [1756620849016]           DataHolder.java:348  | Stored /sheet#1/BINARY.png
2025-08-30 23:14:12,501 INFO [1756620849016]                Sheet.java:1562 | Stored /sheet#1/sheet#1.xml
2025-08-30 23:14:12,501 INFO [1756620849016]                 Book.java:2491 | Book stored as /Users/isabellelin/Documents/polygence-website/uploads/1756620849016.omr
2025-08-30 23:14:12,502 INFO [1756620849016]            SheetStub.java:1644 | Disposed sheet
2025-08-30 23:14:12,521 INFO [1756620849016]                 Book.java:2018 | End of Stub#1 memory: 9,992,664
2025-08-30 23:14:12,521 INFO [1756620849016]                 Book.java:2025 | Book processed.
2025-08-30 23:14:12,521 INFO [1756620849016]                 Book.java:599  | Could not export since transcription did not complete successfully
