2025-08-31 11:22:09,578 ERROR [1756664528144]              IOUtils.java:278  | Unmapping is not supported.
java.lang.reflect.InaccessibleObjectException: Unable to make public jdk.internal.ref.Cleaner java.nio.DirectByteBuffer.cleaner() accessible: module java.base does not "opens java.nio" to unnamed module @41fbdac4
	at java.base/java.lang.reflect.AccessibleObject.throwInaccessibleObjectException(Unknown Source)
	at java.base/java.lang.reflect.AccessibleObject.checkCanSetAccessible(Unknown Source)
	at java.base/java.lang.reflect.AccessibleObject.checkCanSetAccessible(Unknown Source)
	at java.base/java.lang.reflect.Method.checkCanSetAccessible(Unknown Source)
	at java.base/java.lang.reflect.Method.setAccessible(Unknown Source)
	at org.apache.pdfbox.io.IOUtils.unmapper(IOUtils.java:244)
	at java.base/java.security.AccessController.doPrivileged(Unknown Source)
	at org.apache.pdfbox.io.IOUtils.<clinit>(IOUtils.java:69)
	at org.apache.pdfbox.Loader.loadPDF(Loader.java:378)
	at org.audiveris.omr.image.ImageLoading.getPdfLoader(ImageLoading.java:159)
	at org.audiveris.omr.image.ImageLoading.getLoader(ImageLoading.java:209)
	at org.audiveris.omr.sheet.Book.createStubs(Book.java:557)
	at org.audiveris.omr.CLI$ProcessingTask.processBook(CLI.java:830)
	at org.audiveris.omr.CLI$CliTask.call(CLI.java:504)
	at org.audiveris.omr.Main.runBatchTasks(Main.java:371)
	at org.audiveris.omr.Main.main(Main.java:260)
	at Audiveris.main(Audiveris.java:50)
2025-08-31 11:22:09,623 INFO [1756664528144]                 Book.java:562  | 1 sheet in /Users/isabellelin/Documents/polygence-website/uploads/1756664528144.pdf
2025-08-31 11:22:09,720 INFO []                 Book.java:2531 | Stored /book.xml
2025-08-31 11:22:09,721 INFO []                 Book.java:2491 | Book stored as /Users/isabellelin/Documents/polygence-website/uploads/1756664528144.omr
2025-08-31 11:22:09,723 INFO []                 Book.java:1933 | Book reaching PAGE on sheets:[#1]
2025-08-31 11:22:09,724 INFO [1756664528144]       StepMonitoring.java:98   | LOAD
2025-08-31 11:22:10,070 INFO [1756664528144]            SheetStub.java:1268 | Loaded image #1 2883x3633 from /Users/isabellelin/Documents/polygence-website/uploads/1756664528144.pdf
2025-08-31 11:22:10,072 INFO [1756664528144]       StepMonitoring.java:98   | BINARY
2025-08-31 11:22:10,522 INFO [1756664528144]       StepMonitoring.java:98   | SCALE
2025-08-31 11:22:10,546 INFO [1756664528144]         ScaleBuilder.java:241  | Beam  guessed height: 10 -- 0.50 of 21 interline
2025-08-31 11:22:10,547 INFO [1756664528144]         ScaleBuilder.java:264  | Beam measured height: 11 -- 0.33 of [6..21] range at 119% of needed quorum
2025-08-31 11:22:10,547 INFO [1756664528144]            ScaleStep.java:65   | Scale{ interline(21,21,21) line(2,2,2) beam(11)}
2025-08-31 11:22:10,548 INFO [1756664528144]       StepMonitoring.java:98   | GRID
2025-08-31 11:22:10,920 INFO [1756664528144]       LinesRetriever.java:1500 | Global slope: 0.00000
2025-08-31 11:22:10,946 INFO [1756664528144]    ClustersRetriever.java:328  | Retrieved raw line clusters: 10 of sizes [5] with interline(21,21,21)
2025-08-31 11:22:11,069 INFO [1756664528144]            PeakGraph.java:310  | Systems: #1[1] #2[2] #3[3] #4[4] #5[5] #6[6] #7[7] #8[8] #9[9] #10[10]
2025-08-31 11:22:11,302 INFO [1756664528144]        SystemManager.java:134  | Indentation detected for system #1
2025-08-31 11:22:11,303 INFO [1756664528144]        SystemManager.java:779  | 1 part along 10 systems
2025-08-31 11:22:11,303 INFO [1756664528144]                 Book.java:545  | Created scores: [{Score 1}]
2025-08-31 11:22:11,303 INFO [1756664528144]       StepMonitoring.java:98   | HEADERS
2025-08-31 11:22:11,482 INFO [1756664528144]      BasicClassifier.java:277  | Classifier loaded XML norms.
2025-08-31 11:22:11,485 INFO [1756664528144]   AbstractClassifier.java:396  | Classifier data loaded from default uri jar:file:/Applications/Audiveris.app/Contents/app/audiveris.jar!/res/basic-classifier.zip
2025-08-31 11:22:12,054 INFO [1756664528144]       StepMonitoring.java:98   | STEM_SEEDS
2025-08-31 11:22:12,099 INFO [1756664528144]        StemSeedsStep.java:86   | stem(2 max:3)
2025-08-31 11:22:12,127 INFO [1756664528144]       StepMonitoring.java:98   | BEAMS
2025-08-31 11:22:16,090 INFO [1756664528144]       StepMonitoring.java:98   | LEDGERS
2025-08-31 11:22:16,263 INFO [1756664528144]       StepMonitoring.java:98   | HEADS
2025-08-31 11:22:21,262 INFO [1756664528144]        HeadSeedTally.java:235  | Scale information: HeadSeeds{NOTEHEAD_BLACK[L:-0.5,R:-0.6]}
2025-08-31 11:22:21,262 INFO [1756664528144]       StepMonitoring.java:98   | STEMS
2025-08-31 11:22:21,522 INFO [1756664528144]       StepMonitoring.java:98   | REDUCTION
2025-08-31 11:22:21,579 INFO [1756664528144]        ReductionStep.java:105  | Stems free length median value: 74 pixels, 3.5 interlines
2025-08-31 11:22:21,582 INFO [1756664528144]       StepMonitoring.java:98   | CUE_BEAMS
2025-08-31 11:22:21,582 INFO [1756664528144]         CueBeamsStep.java:81   | Step CUE_BEAMS is skipped because small heads switch is off
2025-08-31 11:22:21,583 INFO [1756664528144]       StepMonitoring.java:98   | TEXTS
2025-08-31 11:22:21,711 WARN [1756664528144]         TesseractOCR.java:335  | The collection of supported languages is empty
2025-08-31 11:22:21,711 INFO [1756664528144]              OcrUtil.java:106  | Missing support for 'eng' language(s)
2025-08-31 11:22:21,718 INFO [1756664528144]       StepMonitoring.java:98   | MEASURES
2025-08-31 11:22:21,726 INFO [1756664528144]                 Page.java:307  | 65 raw measures: [7 in system#1, 7 in system#2, 7 in system#3, 7 in system#4, 7 in system#5, 7 in system#6, 7 in system#7, 7 in system#8, 5 in system#9, 4 in system#10]
2025-08-31 11:22:21,726 INFO [1756664528144]       StepMonitoring.java:98   | CHORDS
2025-08-31 11:22:21,738 INFO [1756664528144]       StepMonitoring.java:98   | CURVES
2025-08-31 11:22:22,790 INFO [1756664528144]         SlursBuilder.java:240  | Slurs: 41
2025-08-31 11:22:22,797 INFO [1756664528144]      SegmentsBuilder.java:155  | Segments: 14
2025-08-31 11:22:22,799 INFO [1756664528144]       StepMonitoring.java:98   | SYMBOLS
2025-08-31 11:22:22,981 INFO [1756664528144]       StepMonitoring.java:98   | LINKS
2025-08-31 11:22:22,989 INFO [1756664528144]        SymbolsLinker.java:257  | No chord linked to OctaveShiftInter#4338{(0.764) staff:2 OTTAVA ALTA}
2025-08-31 11:22:22,992 INFO [1756664528144]        SymbolsLinker.java:257  | No chord linked to OctaveShiftInter#4350{(0.632) staff:3 VENTIDUESIMA BASSA}
2025-08-31 11:22:22,994 INFO [1756664528144]        SymbolsLinker.java:257  | No chord linked to OctaveShiftInter#4357{(0.632) staff:4 VENTIDUESIMA ALTA}
2025-08-31 11:22:23,046 INFO [1756664528144]       StepMonitoring.java:98   | RHYTHMS
2025-08-31 11:22:23,091 INFO [1756664528144]       StepMonitoring.java:98   | PAGE
2025-08-31 11:22:23,097 INFO [1756664528144]                 Book.java:2550 | Book{1756664528144} storing
2025-08-31 11:22:23,131 INFO [1756664528144]                 Book.java:2531 | Stored /book.xml
2025-08-31 11:22:23,331 INFO [1756664528144]           DataHolder.java:348  | Stored /sheet#1/BINARY.png
2025-08-31 11:22:23,969 INFO [1756664528144]                Sheet.java:1562 | Stored /sheet#1/sheet#1.xml
2025-08-31 11:22:23,969 INFO [1756664528144]                 Book.java:2491 | Book stored as /Users/isabellelin/Documents/polygence-website/uploads/1756664528144.omr
2025-08-31 11:22:23,971 INFO [1756664528144]            SheetStub.java:1644 | Disposed sheet
2025-08-31 11:22:24,010 INFO [1756664528144]                 Book.java:2018 | End of Stub#1 memory: 36,816,552
2025-08-31 11:22:24,011 INFO [1756664528144]                 Book.java:2025 | Book processed.
2025-08-31 11:22:24,287 INFO [1756664528144]            SheetStub.java:995  | Loaded /sheet#1/sheet#1.xml
2025-08-31 11:22:24,491 INFO [1756664528144]      PartwiseBuilder.java:2661 | Exporting sheet(s): [#1]
2025-08-31 11:22:24,545 INFO [1756664528144]        ScoreExporter.java:164  | Score 1756664528144 exported to /Users/isabellelin/Documents/polygence-website/uploads/1756664528144.mxl
2025-08-31 11:22:24,572 INFO [1756664528144]                Score.java:181  | Closing {Score 1}
