2025-08-31 12:31:43,911 ERROR [1756668702177]              IOUtils.java:278  | Unmapping is not supported.
java.lang.reflect.InaccessibleObjectException: Unable to make public jdk.internal.ref.Cleaner java.nio.DirectByteBuffer.cleaner() accessible: module java.base does not "opens java.nio" to unnamed module @41fbdac4
	at java.base/java.lang.reflect.AccessibleObject.throwInaccessibleObjectException(Unknown Source)
	at java.base/java.lang.reflect.AccessibleObject.checkCanSetAccessible(Unknown Source)
	at java.base/java.lang.reflect.AccessibleObject.checkCanSetAccessible(Unknown Source)
	at java.base/java.lang.reflect.Method.checkCanSetAccessible(Unknown Source)
	at java.base/java.lang.reflect.Method.setAccessible(Unknown Source)
	at org.apache.pdfbox.io.IOUtils.unmapper(IOUtils.java:244)
	at java.base/java.security.AccessController.doPrivileged(Unknown Source)
	at org.apache.pdfbox.io.IOUtils.<clinit>(IOUtils.java:69)
	at org.apache.pdfbox.Loader.loadPDF(Loader.java:378)
	at org.audiveris.omr.image.ImageLoading.getPdfLoader(ImageLoading.java:159)
	at org.audiveris.omr.image.ImageLoading.getLoader(ImageLoading.java:209)
	at org.audiveris.omr.sheet.Book.createStubs(Book.java:557)
	at org.audiveris.omr.CLI$ProcessingTask.processBook(CLI.java:830)
	at org.audiveris.omr.CLI$CliTask.call(CLI.java:504)
	at org.audiveris.omr.Main.runBatchTasks(Main.java:371)
	at org.audiveris.omr.Main.main(Main.java:260)
	at Audiveris.main(Audiveris.java:50)
2025-08-31 12:31:43,959 INFO [1756668702177]                 Book.java:562  | 1 sheet in /Users/isabellelin/Documents/polygence-website/uploads/1756668702177.pdf
2025-08-31 12:31:44,068 INFO []                 Book.java:2531 | Stored /book.xml
2025-08-31 12:31:44,068 INFO []                 Book.java:2491 | Book stored as /Users/isabellelin/Documents/polygence-website/uploads/1756668702177.omr
2025-08-31 12:31:44,071 INFO []                 Book.java:1933 | Book reaching PAGE on sheets:[#1]
2025-08-31 12:31:44,072 INFO [1756668702177]       StepMonitoring.java:98   | LOAD
2025-08-31 12:31:44,344 INFO [1756668702177]            SheetStub.java:1268 | Loaded image #1 2883x3633 from /Users/isabellelin/Documents/polygence-website/uploads/1756668702177.pdf
2025-08-31 12:31:44,347 INFO [1756668702177]       StepMonitoring.java:98   | BINARY
2025-08-31 12:31:44,754 INFO [1756668702177]       StepMonitoring.java:98   | SCALE
2025-08-31 12:31:44,763 INFO [1756668702177]         ScaleBuilder.java:241  | Beam  guessed height: 10 -- 0.50 of 21 interline
2025-08-31 12:31:44,764 INFO [1756668702177]         ScaleBuilder.java:264  | Beam measured height: 11 -- 0.33 of [6..21] range at 126% of needed quorum
2025-08-31 12:31:44,764 INFO [1756668702177]            ScaleStep.java:65   | Scale{ interline(21,21,21) line(2,2,2) beam(11)}
2025-08-31 12:31:44,765 INFO [1756668702177]       StepMonitoring.java:98   | GRID
2025-08-31 12:31:44,929 INFO [1756668702177]       LinesRetriever.java:1500 | Global slope: 0.00000
2025-08-31 12:31:44,938 INFO [1756668702177]    ClustersRetriever.java:853  | Destroying spurious Cluster#C177{interline(21,21,21) size:5 fil#141@0 fil#156@1 fil#162@2 fil#167@3 fil#177@4}
2025-08-31 12:31:44,938 INFO [1756668702177]    ClustersRetriever.java:328  | Retrieved raw line clusters: 1 of sizes [5] with interline(21,21,21)
2025-08-31 12:31:44,966 INFO [1756668702177]            PeakGraph.java:310  | Systems: #1[1]
2025-08-31 12:31:45,114 INFO [1756668702177]        SystemManager.java:779  | 1 part along 1 system
2025-08-31 12:31:45,115 INFO [1756668702177]                 Book.java:545  | Created scores: [{Score 1}]
2025-08-31 12:31:45,115 INFO [1756668702177]       StepMonitoring.java:98   | HEADERS
2025-08-31 12:31:45,298 INFO [1756668702177]      BasicClassifier.java:277  | Classifier loaded XML norms.
2025-08-31 12:31:45,300 INFO [1756668702177]   AbstractClassifier.java:396  | Classifier data loaded from default uri jar:file:/Applications/Audiveris.app/Contents/app/audiveris.jar!/res/basic-classifier.zip
2025-08-31 12:31:45,823 INFO [1756668702177]       StepMonitoring.java:98   | STEM_SEEDS
2025-08-31 12:31:45,861 INFO [1756668702177]        StemSeedsStep.java:86   | stem(2 max:3)
2025-08-31 12:31:45,873 INFO [1756668702177]       StepMonitoring.java:98   | BEAMS
2025-08-31 12:31:50,101 INFO [1756668702177]       StepMonitoring.java:98   | LEDGERS
2025-08-31 12:31:50,247 INFO [1756668702177]       StepMonitoring.java:98   | HEADS
2025-08-31 12:31:51,182 INFO [1756668702177]        HeadSeedTally.java:235  | Scale information: HeadSeeds{NOTEHEAD_BLACK[R:-0.5]}
2025-08-31 12:31:51,182 INFO [1756668702177]       StepMonitoring.java:98   | STEMS
2025-08-31 12:31:51,263 INFO [1756668702177]       StepMonitoring.java:98   | REDUCTION
2025-08-31 12:31:51,282 INFO [1756668702177]        ReductionStep.java:105  | Stems free length median value: 74 pixels, 3.5 interlines
2025-08-31 12:31:51,284 INFO [1756668702177]       StepMonitoring.java:98   | CUE_BEAMS
2025-08-31 12:31:51,284 INFO [1756668702177]         CueBeamsStep.java:81   | Step CUE_BEAMS is skipped because small heads switch is off
2025-08-31 12:31:51,284 INFO [1756668702177]       StepMonitoring.java:98   | TEXTS
2025-08-31 12:31:51,352 WARN [1756668702177]         TesseractOCR.java:335  | The collection of supported languages is empty
2025-08-31 12:31:51,353 INFO [1756668702177]              OcrUtil.java:106  | Missing support for 'eng' language(s)
2025-08-31 12:31:51,357 INFO [1756668702177]       StepMonitoring.java:98   | MEASURES
2025-08-31 12:31:51,364 INFO [1756668702177]                 Page.java:307  | 7 raw measures: [7 in system#1]
2025-08-31 12:31:51,365 INFO [1756668702177]       StepMonitoring.java:98   | CHORDS
2025-08-31 12:31:51,370 INFO [1756668702177]       StepMonitoring.java:98   | CURVES
2025-08-31 12:31:52,073 INFO [1756668702177]         SlursBuilder.java:240  | Slurs: 0
2025-08-31 12:31:52,076 INFO [1756668702177]      SegmentsBuilder.java:155  | Segments: 0
2025-08-31 12:31:52,080 INFO [1756668702177]       StepMonitoring.java:98   | SYMBOLS
2025-08-31 12:31:52,226 INFO [1756668702177]       StepMonitoring.java:98   | LINKS
2025-08-31 12:31:52,240 INFO [1756668702177]       StepMonitoring.java:98   | RHYTHMS
2025-08-31 12:31:52,266 INFO [1756668702177]       StepMonitoring.java:98   | PAGE
2025-08-31 12:31:52,269 INFO [1756668702177]                 Book.java:2550 | Book{1756668702177} storing
2025-08-31 12:31:52,304 INFO [1756668702177]                 Book.java:2531 | Stored /book.xml
2025-08-31 12:31:52,459 INFO [1756668702177]           DataHolder.java:348  | Stored /sheet#1/BINARY.png
2025-08-31 12:31:52,665 INFO [1756668702177]                Sheet.java:1562 | Stored /sheet#1/sheet#1.xml
2025-08-31 12:31:52,665 INFO [1756668702177]                 Book.java:2491 | Book stored as /Users/isabellelin/Documents/polygence-website/uploads/1756668702177.omr
2025-08-31 12:31:52,667 INFO [1756668702177]            SheetStub.java:1644 | Disposed sheet
2025-08-31 12:31:52,706 INFO [1756668702177]                 Book.java:2018 | End of Stub#1 memory: 36,797,272
2025-08-31 12:31:52,706 INFO [1756668702177]                 Book.java:2025 | Book processed.
2025-08-31 12:31:52,861 INFO [1756668702177]            SheetStub.java:995  | Loaded /sheet#1/sheet#1.xml
2025-08-31 12:31:53,143 INFO [1756668702177]      PartwiseBuilder.java:2661 | Exporting sheet(s): [#1]
2025-08-31 12:31:53,194 INFO [1756668702177]        ScoreExporter.java:164  | Score 1756668702177 exported to /Users/isabellelin/Documents/polygence-website/uploads/1756668702177.mxl
2025-08-31 12:31:53,216 INFO [1756668702177]                Score.java:181  | Closing {Score 1}
