2025-08-31 09:41:19,345 ERROR [1756658477336]              IOUtils.java:278  | Unmapping is not supported.
java.lang.reflect.InaccessibleObjectException: Unable to make public jdk.internal.ref.Cleaner java.nio.DirectByteBuffer.cleaner() accessible: module java.base does not "opens java.nio" to unnamed module @41fbdac4
	at java.base/java.lang.reflect.AccessibleObject.throwInaccessibleObjectException(Unknown Source)
	at java.base/java.lang.reflect.AccessibleObject.checkCanSetAccessible(Unknown Source)
	at java.base/java.lang.reflect.AccessibleObject.checkCanSetAccessible(Unknown Source)
	at java.base/java.lang.reflect.Method.checkCanSetAccessible(Unknown Source)
	at java.base/java.lang.reflect.Method.setAccessible(Unknown Source)
	at org.apache.pdfbox.io.IOUtils.unmapper(IOUtils.java:244)
	at java.base/java.security.AccessController.doPrivileged(Unknown Source)
	at org.apache.pdfbox.io.IOUtils.<clinit>(IOUtils.java:69)
	at org.apache.pdfbox.Loader.loadPDF(Loader.java:378)
	at org.audiveris.omr.image.ImageLoading.getPdfLoader(ImageLoading.java:159)
	at org.audiveris.omr.image.ImageLoading.getLoader(ImageLoading.java:209)
	at org.audiveris.omr.sheet.Book.createStubs(Book.java:557)
	at org.audiveris.omr.CLI$ProcessingTask.processBook(CLI.java:830)
	at org.audiveris.omr.CLI$CliTask.call(CLI.java:504)
	at org.audiveris.omr.Main.runBatchTasks(Main.java:371)
	at org.audiveris.omr.Main.main(Main.java:260)
	at Audiveris.main(Audiveris.java:50)
2025-08-31 09:41:19,418 INFO [1756658477336]                 Book.java:562  | 1 sheet in /Users/isabellelin/Documents/polygence-website/uploads/1756658477336.pdf
2025-08-31 09:41:19,557 INFO []                 Book.java:2531 | Stored /book.xml
2025-08-31 09:41:19,557 INFO []                 Book.java:2491 | Book stored as /Users/isabellelin/Documents/polygence-website/uploads/1756658477336.omr
2025-08-31 09:41:19,562 INFO []                 Book.java:1933 | Book reaching PAGE on sheets:[#1]
2025-08-31 09:41:19,563 INFO [1756658477336]       StepMonitoring.java:98   | LOAD
2025-08-31 09:41:19,929 INFO [1756658477336]            SheetStub.java:1268 | Loaded image #1 2550x3299 from /Users/isabellelin/Documents/polygence-website/uploads/1756658477336.pdf
2025-08-31 09:41:19,933 INFO [1756658477336]       StepMonitoring.java:98   | BINARY
2025-08-31 09:41:20,320 INFO [1756658477336]       StepMonitoring.java:98   | SCALE
2025-08-31 09:41:20,345 INFO [1756658477336]         ScaleBuilder.java:241  | Beam  guessed height: 10 -- 0.50 of 21 interline
2025-08-31 09:41:20,346 INFO [1756658477336]         ScaleBuilder.java:264  | Beam measured height: 11 -- 0.33 of [6..21] range at 150% of needed quorum
2025-08-31 09:41:20,346 INFO [1756658477336]            ScaleStep.java:65   | Scale{ interline(21,21,22) line(2,2,2) beam(11)}
2025-08-31 09:41:20,347 INFO [1756658477336]       StepMonitoring.java:98   | GRID
2025-08-31 09:41:20,742 INFO [1756658477336]       LinesRetriever.java:1500 | Global slope: 0.00000
2025-08-31 09:41:20,765 INFO [1756658477336]    ClustersRetriever.java:328  | Retrieved raw line clusters: 10 of sizes [5] with interline(21,21,22)
2025-08-31 09:41:20,888 INFO [1756658477336]            PeakGraph.java:310  | Systems: #1[1] #2[2] #3[3] #4[4] #5[5] #6[6] #7[7] #8[8] #9[9] #10[10]
2025-08-31 09:41:21,137 INFO [1756658477336]        SystemManager.java:779  | 1 part along 10 systems
2025-08-31 09:41:21,138 INFO [1756658477336]                 Book.java:545  | Created scores: [{Score 1}]
2025-08-31 09:41:21,138 INFO [1756658477336]       StepMonitoring.java:98   | HEADERS
2025-08-31 09:41:21,326 INFO [1756658477336]      BasicClassifier.java:277  | Classifier loaded XML norms.
2025-08-31 09:41:21,327 INFO [1756658477336]   AbstractClassifier.java:396  | Classifier data loaded from default uri jar:file:/Applications/Audiveris.app/Contents/app/audiveris.jar!/res/basic-classifier.zip
2025-08-31 09:41:21,922 INFO [1756658477336]       StepMonitoring.java:98   | STEM_SEEDS
2025-08-31 09:41:21,977 INFO [1756658477336]        StemSeedsStep.java:86   | stem(5 max:5)
2025-08-31 09:41:22,115 INFO [1756658477336]       StepMonitoring.java:98   | BEAMS
2025-08-31 09:41:26,567 INFO [1756658477336]       StepMonitoring.java:98   | LEDGERS
2025-08-31 09:41:26,719 INFO [1756658477336]       StepMonitoring.java:98   | HEADS
2025-08-31 09:41:31,829 INFO [1756658477336]        HeadSeedTally.java:235  | Scale information: HeadSeeds{NOTEHEAD_BLACK[L:0.4,R:0.5]}
2025-08-31 09:41:31,829 INFO [1756658477336]       StepMonitoring.java:98   | STEMS
2025-08-31 09:41:32,138 INFO [1756658477336]       StepMonitoring.java:98   | REDUCTION
2025-08-31 09:41:32,202 INFO [1756658477336]        ReductionStep.java:105  | Stems free length median value: 75 pixels, 3.6 interlines
2025-08-31 09:41:32,205 INFO [1756658477336]       StepMonitoring.java:98   | CUE_BEAMS
2025-08-31 09:41:32,205 INFO [1756658477336]         CueBeamsStep.java:81   | Step CUE_BEAMS is skipped because small heads switch is off
2025-08-31 09:41:32,205 INFO [1756658477336]       StepMonitoring.java:98   | TEXTS
2025-08-31 09:41:32,330 WARN [1756658477336]         TesseractOCR.java:335  | The collection of supported languages is empty
2025-08-31 09:41:32,330 INFO [1756658477336]              OcrUtil.java:106  | Missing support for 'eng' language(s)
2025-08-31 09:41:32,337 INFO [1756658477336]       StepMonitoring.java:98   | MEASURES
2025-08-31 09:41:32,345 INFO [1756658477336]                 Page.java:307  | 65 raw measures: [7 in system#1, 7 in system#2, 7 in system#3, 7 in system#4, 7 in system#5, 7 in system#6, 7 in system#7, 7 in system#8, 5 in system#9, 4 in system#10]
2025-08-31 09:41:32,345 INFO [1756658477336]       StepMonitoring.java:98   | CHORDS
2025-08-31 09:41:32,356 INFO [1756658477336]       StepMonitoring.java:98   | CURVES
2025-08-31 09:41:33,506 INFO [1756658477336]         SlursBuilder.java:240  | Slurs: 48
2025-08-31 09:41:33,525 INFO [1756658477336]      SegmentsBuilder.java:155  | Segments: 43
2025-08-31 09:41:33,528 INFO [1756658477336]       StepMonitoring.java:98   | SYMBOLS
2025-08-31 09:41:34,023 INFO [1756658477336]       StepMonitoring.java:98   | LINKS
2025-08-31 09:41:34,026 INFO [1756658477336]        SymbolsLinker.java:257  | No chord linked to OctaveShiftInter#5006{(0.769) staff:1 OTTAVA BASSA}
2025-08-31 09:41:34,034 INFO [1756658477336]        SymbolsLinker.java:257  | No chord linked to OctaveShiftInter#5021{(0.769) staff:2 OTTAVA ALTA}
2025-08-31 09:41:34,037 INFO [1756658477336]        SymbolsLinker.java:257  | No chord linked to OctaveShiftInter#5033{(0.203) staff:3 VENTIDUESIMA BASSA}
2025-08-31 09:41:34,042 INFO [1756658477336]        SymbolsLinker.java:257  | No chord linked to OctaveShiftInter#5040{(0.203) staff:4 VENTIDUESIMA ALTA}
2025-08-31 09:41:34,047 INFO [1756658477336]        SymbolsLinker.java:257  | No chord linked to OctaveShiftInter#5079{(0.197) staff:5 VENTIDUESIMA BASSA}
2025-08-31 09:41:34,050 INFO [1756658477336]        SymbolsLinker.java:257  | No chord linked to OctaveShiftInter#5105{(0.197) staff:6 VENTIDUESIMA ALTA}
2025-08-31 09:41:34,063 INFO [1756658477336]       StepMonitoring.java:98   | RHYTHMS
2025-08-31 09:41:34,103 INFO [1756658477336]       StepMonitoring.java:98   | PAGE
2025-08-31 09:41:34,108 INFO [1756658477336]                 Book.java:2550 | Book{1756658477336} storing
2025-08-31 09:41:34,157 INFO [1756658477336]                 Book.java:2531 | Stored /book.xml
2025-08-31 09:41:34,328 INFO [1756658477336]           DataHolder.java:348  | Stored /sheet#1/BINARY.png
2025-08-31 09:41:35,068 INFO [1756658477336]                Sheet.java:1562 | Stored /sheet#1/sheet#1.xml
2025-08-31 09:41:35,068 INFO [1756658477336]                 Book.java:2491 | Book stored as /Users/isabellelin/Documents/polygence-website/uploads/1756658477336.omr
2025-08-31 09:41:35,070 INFO [1756658477336]            SheetStub.java:1644 | Disposed sheet
2025-08-31 09:41:35,114 INFO [1756658477336]                 Book.java:2018 | End of Stub#1 memory: 45,912,016
2025-08-31 09:41:35,114 INFO [1756658477336]                 Book.java:2025 | Book processed.
2025-08-31 09:41:35,413 INFO [1756658477336]            SheetStub.java:995  | Loaded /sheet#1/sheet#1.xml
2025-08-31 09:41:35,622 INFO [1756658477336]      PartwiseBuilder.java:2661 | Exporting sheet(s): [#1]
2025-08-31 09:41:35,673 INFO [1756658477336]        ScoreExporter.java:164  | Score 1756658477336 exported to /Users/isabellelin/Documents/polygence-website/uploads/1756658477336.mxl
2025-08-31 09:41:35,703 INFO [1756658477336]                Score.java:181  | Closing {Score 1}
