2025-08-30 23:02:57,694 ERROR [1756620176275]              IOUtils.java:278  | Unmapping is not supported.
java.lang.reflect.InaccessibleObjectException: Unable to make public jdk.internal.ref.Cleaner java.nio.DirectByteBuffer.cleaner() accessible: module java.base does not "opens java.nio" to unnamed module @41fbdac4
	at java.base/java.lang.reflect.AccessibleObject.throwInaccessibleObjectException(Unknown Source)
	at java.base/java.lang.reflect.AccessibleObject.checkCanSetAccessible(Unknown Source)
	at java.base/java.lang.reflect.AccessibleObject.checkCanSetAccessible(Unknown Source)
	at java.base/java.lang.reflect.Method.checkCanSetAccessible(Unknown Source)
	at java.base/java.lang.reflect.Method.setAccessible(Unknown Source)
	at org.apache.pdfbox.io.IOUtils.unmapper(IOUtils.java:244)
	at java.base/java.security.AccessController.doPrivileged(Unknown Source)
	at org.apache.pdfbox.io.IOUtils.<clinit>(IOUtils.java:69)
	at org.apache.pdfbox.Loader.loadPDF(Loader.java:378)
	at org.audiveris.omr.image.ImageLoading.getPdfLoader(ImageLoading.java:159)
	at org.audiveris.omr.image.ImageLoading.getLoader(ImageLoading.java:209)
	at org.audiveris.omr.sheet.Book.createStubs(Book.java:557)
	at org.audiveris.omr.CLI$ProcessingTask.processBook(CLI.java:830)
	at org.audiveris.omr.CLI$CliTask.call(CLI.java:504)
	at org.audiveris.omr.Main.runBatchTasks(Main.java:371)
	at org.audiveris.omr.Main.main(Main.java:260)
	at Audiveris.main(Audiveris.java:50)
2025-08-30 23:02:57,738 INFO [1756620176275]                 Book.java:562  | 1 sheet in /Users/isabellelin/Documents/polygence-website/uploads/1756620176275.pdf
2025-08-30 23:02:57,856 INFO []                 Book.java:2531 | Stored /book.xml
2025-08-30 23:02:57,857 INFO []                 Book.java:2491 | Book stored as /Users/isabellelin/Documents/polygence-website/uploads/1756620176275.omr
2025-08-30 23:02:57,862 INFO []                 Book.java:1933 | Book reaching PAGE on sheets:[#1]
2025-08-30 23:02:57,863 INFO [1756620176275]       StepMonitoring.java:98   | LOAD
2025-08-30 23:02:58,152 INFO [1756620176275]            SheetStub.java:1268 | Loaded image #1 3566x4616 from /Users/isabellelin/Documents/polygence-website/uploads/1756620176275.pdf
2025-08-30 23:02:58,156 INFO [1756620176275]       StepMonitoring.java:98   | BINARY
2025-08-30 23:02:59,056 INFO [1756620176275]       StepMonitoring.java:98   | SCALE
2025-08-30 23:02:59,073 INFO [1756620176275]         ScaleBuilder.java:222  | Significant beam peak detected: 8 pixels
2025-08-30 23:02:59,073 INFO [1756620176275]            ScaleStep.java:65   | Scale{ interline(29,29,30) line(4,4,5) beam(8)}
2025-08-30 23:02:59,074 INFO [1756620176275]       StepMonitoring.java:98   | GRID
2025-08-30 23:02:59,523 INFO [1756620176275]       LinesRetriever.java:1500 | Global slope: 0.00000
2025-08-30 23:02:59,535 INFO [1756620176275]    ClustersRetriever.java:328  | Retrieved raw line clusters: 0 of sizes [5] with interline(29,29,30)
2025-08-30 23:02:59,548 WARN [1756620176275]            PeakGraph.java:305  | No system found
2025-08-30 23:02:59,548 INFO [1756620176275]                 Book.java:545  | Created scores: []
2025-08-30 23:02:59,548 INFO [1756620176275]            SheetStub.java:1186 | Sheet 1756620176275 flagged as invalid.
2025-08-30 23:02:59,549 INFO [1756620176275]            SheetStub.java:1394 | StepException cause detected in [LOAD, BINARY, SCALE, GRID, HEADERS, STEM_SEEDS, BEAMS, LEDGERS, HEADS, STEMS, REDUCTION, CUE_BEAMS, TEXTS, MEASURES, CHORDS, CURVES, SYMBOLS, LINKS, RHYTHMS, PAGE]
2025-08-30 23:02:59,549 INFO [1756620176275]                 Book.java:2550 | Book{1756620176275} storing
2025-08-30 23:02:59,565 INFO [1756620176275]                 Book.java:2531 | Stored /book.xml
2025-08-30 23:02:59,912 INFO [1756620176275]           DataHolder.java:348  | Stored /sheet#1/BINARY.png
2025-08-30 23:03:00,070 INFO [1756620176275]                Sheet.java:1562 | Stored /sheet#1/sheet#1.xml
2025-08-30 23:03:00,070 INFO [1756620176275]                 Book.java:2491 | Book stored as /Users/isabellelin/Documents/polygence-website/uploads/1756620176275.omr
2025-08-30 23:03:00,072 INFO [1756620176275]            SheetStub.java:1644 | Disposed sheet
2025-08-30 23:03:00,095 INFO [1756620176275]                 Book.java:2018 | End of Stub#1 memory: 10,533,944
2025-08-30 23:03:00,096 INFO [1756620176275]                 Book.java:2025 | Book processed.
2025-08-30 23:03:00,096 INFO [1756620176275]                 Book.java:599  | Could not export since transcription did not complete successfully
