2025-08-30 23:19:06,467 ERROR [1756621145106]              IOUtils.java:278  | Unmapping is not supported.
java.lang.reflect.InaccessibleObjectException: Unable to make public jdk.internal.ref.Cleaner java.nio.DirectByteBuffer.cleaner() accessible: module java.base does not "opens java.nio" to unnamed module @41fbdac4
	at java.base/java.lang.reflect.AccessibleObject.throwInaccessibleObjectException(Unknown Source)
	at java.base/java.lang.reflect.AccessibleObject.checkCanSetAccessible(Unknown Source)
	at java.base/java.lang.reflect.AccessibleObject.checkCanSetAccessible(Unknown Source)
	at java.base/java.lang.reflect.Method.checkCanSetAccessible(Unknown Source)
	at java.base/java.lang.reflect.Method.setAccessible(Unknown Source)
	at org.apache.pdfbox.io.IOUtils.unmapper(IOUtils.java:244)
	at java.base/java.security.AccessController.doPrivileged(Unknown Source)
	at org.apache.pdfbox.io.IOUtils.<clinit>(IOUtils.java:69)
	at org.apache.pdfbox.Loader.loadPDF(Loader.java:378)
	at org.audiveris.omr.image.ImageLoading.getPdfLoader(ImageLoading.java:159)
	at org.audiveris.omr.image.ImageLoading.getLoader(ImageLoading.java:209)
	at org.audiveris.omr.sheet.Book.createStubs(Book.java:557)
	at org.audiveris.omr.CLI$ProcessingTask.processBook(CLI.java:830)
	at org.audiveris.omr.CLI$CliTask.call(CLI.java:504)
	at org.audiveris.omr.Main.runBatchTasks(Main.java:371)
	at org.audiveris.omr.Main.main(Main.java:260)
	at Audiveris.main(Audiveris.java:50)
2025-08-30 23:19:06,511 INFO [1756621145106]                 Book.java:562  | 1 sheet in /Users/isabellelin/Documents/polygence-website/uploads/1756621145106.pdf
2025-08-30 23:19:06,608 INFO []                 Book.java:2531 | Stored /book.xml
2025-08-30 23:19:06,608 INFO []                 Book.java:2491 | Book stored as /Users/isabellelin/Documents/polygence-website/uploads/1756621145106.omr
2025-08-30 23:19:06,611 INFO []                 Book.java:1933 | Book reaching PAGE on sheets:[#1]
2025-08-30 23:19:06,611 INFO [1756621145106]       StepMonitoring.java:98   | LOAD
2025-08-30 23:19:06,961 INFO [1756621145106]            SheetStub.java:1268 | Loaded image #1 2550x3299 from /Users/isabellelin/Documents/polygence-website/uploads/1756621145106.pdf
2025-08-30 23:19:06,964 INFO [1756621145106]       StepMonitoring.java:98   | BINARY
2025-08-30 23:19:07,357 INFO [1756621145106]       StepMonitoring.java:98   | SCALE
2025-08-30 23:19:07,380 INFO [1756621145106]         ScaleBuilder.java:241  | Beam  guessed height: 10 -- 0.50 of 21 interline
2025-08-30 23:19:07,381 INFO [1756621145106]         ScaleBuilder.java:264  | Beam measured height: 11 -- 0.33 of [6..21] range at 150% of needed quorum
2025-08-30 23:19:07,381 INFO [1756621145106]            ScaleStep.java:65   | Scale{ interline(21,21,22) line(2,2,2) beam(11)}
2025-08-30 23:19:07,381 INFO [1756621145106]       StepMonitoring.java:98   | GRID
2025-08-30 23:19:07,781 INFO [1756621145106]       LinesRetriever.java:1500 | Global slope: 0.00000
2025-08-30 23:19:07,807 INFO [1756621145106]    ClustersRetriever.java:328  | Retrieved raw line clusters: 10 of sizes [5] with interline(21,21,22)
2025-08-30 23:19:07,928 INFO [1756621145106]            PeakGraph.java:310  | Systems: #1[1] #2[2] #3[3] #4[4] #5[5] #6[6] #7[7] #8[8] #9[9] #10[10]
2025-08-30 23:19:08,175 INFO [1756621145106]        SystemManager.java:779  | 1 part along 10 systems
2025-08-30 23:19:08,176 INFO [1756621145106]                 Book.java:545  | Created scores: [{Score 1}]
2025-08-30 23:19:08,176 INFO [1756621145106]       StepMonitoring.java:98   | HEADERS
2025-08-30 23:19:08,375 INFO [1756621145106]      BasicClassifier.java:277  | Classifier loaded XML norms.
2025-08-30 23:19:08,377 INFO [1756621145106]   AbstractClassifier.java:396  | Classifier data loaded from default uri jar:file:/Applications/Audiveris.app/Contents/app/audiveris.jar!/res/basic-classifier.zip
2025-08-30 23:19:09,062 INFO [1756621145106]       StepMonitoring.java:98   | STEM_SEEDS
2025-08-30 23:19:09,103 INFO [1756621145106]        StemSeedsStep.java:86   | stem(5 max:5)
2025-08-30 23:19:09,142 INFO [1756621145106]       StepMonitoring.java:98   | BEAMS
2025-08-30 23:19:13,388 INFO [1756621145106]       StepMonitoring.java:98   | LEDGERS
2025-08-30 23:19:13,571 INFO [1756621145106]       StepMonitoring.java:98   | HEADS
2025-08-30 23:19:18,924 INFO [1756621145106]        HeadSeedTally.java:235  | Scale information: HeadSeeds{NOTEHEAD_BLACK[L:0.4,R:0.5]}
2025-08-30 23:19:18,925 INFO [1756621145106]       StepMonitoring.java:98   | STEMS
2025-08-30 23:19:19,221 INFO [1756621145106]       StepMonitoring.java:98   | REDUCTION
2025-08-30 23:19:19,290 INFO [1756621145106]        ReductionStep.java:105  | Stems free length median value: 75 pixels, 3.6 interlines
2025-08-30 23:19:19,294 INFO [1756621145106]       StepMonitoring.java:98   | CUE_BEAMS
2025-08-30 23:19:19,294 INFO [1756621145106]         CueBeamsStep.java:81   | Step CUE_BEAMS is skipped because small heads switch is off
2025-08-30 23:19:19,294 INFO [1756621145106]       StepMonitoring.java:98   | TEXTS
2025-08-30 23:19:19,419 WARN [1756621145106]         TesseractOCR.java:335  | The collection of supported languages is empty
2025-08-30 23:19:19,420 INFO [1756621145106]              OcrUtil.java:106  | Missing support for 'eng' language(s)
2025-08-30 23:19:19,427 INFO [1756621145106]       StepMonitoring.java:98   | MEASURES
2025-08-30 23:19:19,435 INFO [1756621145106]                 Page.java:307  | 65 raw measures: [7 in system#1, 7 in system#2, 7 in system#3, 7 in system#4, 7 in system#5, 7 in system#6, 7 in system#7, 7 in system#8, 5 in system#9, 4 in system#10]
2025-08-30 23:19:19,435 INFO [1756621145106]       StepMonitoring.java:98   | CHORDS
2025-08-30 23:19:19,447 INFO [1756621145106]       StepMonitoring.java:98   | CURVES
2025-08-30 23:19:20,486 INFO [1756621145106]         SlursBuilder.java:240  | Slurs: 48
2025-08-30 23:19:20,505 INFO [1756621145106]      SegmentsBuilder.java:155  | Segments: 43
2025-08-30 23:19:20,510 INFO [1756621145106]       StepMonitoring.java:98   | SYMBOLS
2025-08-30 23:19:20,939 INFO [1756621145106]       StepMonitoring.java:98   | LINKS
2025-08-30 23:19:20,941 INFO [1756621145106]        SymbolsLinker.java:257  | No chord linked to OctaveShiftInter#4994{(0.769) staff:1 OTTAVA BASSA}
2025-08-30 23:19:20,948 INFO [1756621145106]        SymbolsLinker.java:257  | No chord linked to OctaveShiftInter#5008{(0.769) staff:2 OTTAVA ALTA}
2025-08-30 23:19:20,950 INFO [1756621145106]        SymbolsLinker.java:257  | No chord linked to OctaveShiftInter#5020{(0.203) staff:3 VENTIDUESIMA BASSA}
2025-08-30 23:19:20,954 INFO [1756621145106]        SymbolsLinker.java:257  | No chord linked to OctaveShiftInter#5027{(0.203) staff:4 VENTIDUESIMA ALTA}
2025-08-30 23:19:20,959 INFO [1756621145106]        SymbolsLinker.java:257  | No chord linked to OctaveShiftInter#5066{(0.197) staff:5 VENTIDUESIMA BASSA}
2025-08-30 23:19:20,962 INFO [1756621145106]        SymbolsLinker.java:257  | No chord linked to OctaveShiftInter#5092{(0.197) staff:6 VENTIDUESIMA ALTA}
2025-08-30 23:19:20,974 INFO [1756621145106]       StepMonitoring.java:98   | RHYTHMS
2025-08-30 23:19:21,010 INFO [1756621145106]       StepMonitoring.java:98   | PAGE
2025-08-30 23:19:21,014 INFO [1756621145106]                 Book.java:2550 | Book{1756621145106} storing
2025-08-30 23:19:21,054 INFO [1756621145106]                 Book.java:2531 | Stored /book.xml
2025-08-30 23:19:21,224 INFO [1756621145106]           DataHolder.java:348  | Stored /sheet#1/BINARY.png
2025-08-30 23:19:21,951 INFO [1756621145106]                Sheet.java:1562 | Stored /sheet#1/sheet#1.xml
2025-08-30 23:19:21,951 INFO [1756621145106]                 Book.java:2491 | Book stored as /Users/isabellelin/Documents/polygence-website/uploads/1756621145106.omr
2025-08-30 23:19:21,953 INFO [1756621145106]            SheetStub.java:1644 | Disposed sheet
2025-08-30 23:19:21,994 INFO [1756621145106]                 Book.java:2018 | End of Stub#1 memory: 46,434,392
2025-08-30 23:19:21,995 INFO [1756621145106]                 Book.java:2025 | Book processed.
2025-08-30 23:19:22,296 INFO [1756621145106]            SheetStub.java:995  | Loaded /sheet#1/sheet#1.xml
2025-08-30 23:19:22,492 INFO [1756621145106]      PartwiseBuilder.java:2661 | Exporting sheet(s): [#1]
2025-08-30 23:19:22,543 INFO [1756621145106]        ScoreExporter.java:164  | Score 1756621145106 exported to /Users/isabellelin/Documents/polygence-website/uploads/1756621145106.mxl
2025-08-30 23:19:22,572 INFO [1756621145106]                Score.java:181  | Closing {Score 1}
