2025-09-09 23:01:19,171 ERROR [1757484077408]              IOUtils.java:278  | Unmapping is not supported.
java.lang.reflect.InaccessibleObjectException: Unable to make public jdk.internal.ref.Cleaner java.nio.DirectByteBuffer.cleaner() accessible: module java.base does not "opens java.nio" to unnamed module @41fbdac4
	at java.base/java.lang.reflect.AccessibleObject.throwInaccessibleObjectException(Unknown Source)
	at java.base/java.lang.reflect.AccessibleObject.checkCanSetAccessible(Unknown Source)
	at java.base/java.lang.reflect.AccessibleObject.checkCanSetAccessible(Unknown Source)
	at java.base/java.lang.reflect.Method.checkCanSetAccessible(Unknown Source)
	at java.base/java.lang.reflect.Method.setAccessible(Unknown Source)
	at org.apache.pdfbox.io.IOUtils.unmapper(IOUtils.java:244)
	at java.base/java.security.AccessController.doPrivileged(Unknown Source)
	at org.apache.pdfbox.io.IOUtils.<clinit>(IOUtils.java:69)
	at org.apache.pdfbox.Loader.loadPDF(Loader.java:378)
	at org.audiveris.omr.image.ImageLoading.getPdfLoader(ImageLoading.java:159)
	at org.audiveris.omr.image.ImageLoading.getLoader(ImageLoading.java:209)
	at org.audiveris.omr.sheet.Book.createStubs(Book.java:557)
	at org.audiveris.omr.CLI$ProcessingTask.processBook(CLI.java:830)
	at org.audiveris.omr.CLI$CliTask.call(CLI.java:504)
	at org.audiveris.omr.Main.runBatchTasks(Main.java:371)
	at org.audiveris.omr.Main.main(Main.java:260)
	at Audiveris.main(Audiveris.java:50)
2025-09-09 23:01:19,220 INFO [1757484077408]                 Book.java:562  | 1 sheet in /Users/isabellelin/Documents/polygence-website/uploads/1757484077408.pdf
2025-09-09 23:01:19,360 INFO []                 Book.java:2531 | Stored /book.xml
2025-09-09 23:01:19,360 INFO []                 Book.java:2491 | Book stored as /Users/isabellelin/Documents/polygence-website/uploads/1757484077408.omr
2025-09-09 23:01:19,364 INFO []                 Book.java:1933 | Book reaching PAGE on sheets:[#1]
2025-09-09 23:01:19,365 INFO [1757484077408]       StepMonitoring.java:98   | LOAD
2025-09-09 23:01:19,722 INFO [1757484077408]            SheetStub.java:1268 | Loaded image #1 2883x3633 from /Users/isabellelin/Documents/polygence-website/uploads/1757484077408.pdf
2025-09-09 23:01:19,725 INFO [1757484077408]       StepMonitoring.java:98   | BINARY
2025-09-09 23:01:20,177 INFO [1757484077408]       StepMonitoring.java:98   | SCALE
2025-09-09 23:01:20,218 INFO [1757484077408]         ScaleBuilder.java:241  | Beam  guessed height: 10 -- 0.50 of 21 interline
2025-09-09 23:01:20,219 INFO [1757484077408]         ScaleBuilder.java:264  | Beam measured height: 11 -- 0.33 of [6..21] range at 119% of needed quorum
2025-09-09 23:01:20,219 INFO [1757484077408]            ScaleStep.java:65   | Scale{ interline(21,21,21) line(2,2,2) beam(11)}
2025-09-09 23:01:20,220 INFO [1757484077408]       StepMonitoring.java:98   | GRID
2025-09-09 23:01:20,684 INFO [1757484077408]       LinesRetriever.java:1500 | Global slope: 0.00000
2025-09-09 23:01:20,710 INFO [1757484077408]    ClustersRetriever.java:328  | Retrieved raw line clusters: 10 of sizes [5] with interline(21,21,21)
2025-09-09 23:01:20,826 INFO [1757484077408]            PeakGraph.java:310  | Systems: #1[1] #2[2] #3[3] #4[4] #5[5] #6[6] #7[7] #8[8] #9[9] #10[10]
2025-09-09 23:01:21,054 INFO [1757484077408]        SystemManager.java:134  | Indentation detected for system #1
2025-09-09 23:01:21,055 INFO [1757484077408]        SystemManager.java:779  | 1 part along 10 systems
2025-09-09 23:01:21,055 INFO [1757484077408]                 Book.java:545  | Created scores: [{Score 1}]
2025-09-09 23:01:21,056 INFO [1757484077408]       StepMonitoring.java:98   | HEADERS
2025-09-09 23:01:21,226 INFO [1757484077408]      BasicClassifier.java:277  | Classifier loaded XML norms.
2025-09-09 23:01:21,228 INFO [1757484077408]   AbstractClassifier.java:396  | Classifier data loaded from default uri jar:file:/Applications/Audiveris.app/Contents/app/audiveris.jar!/res/basic-classifier.zip
2025-09-09 23:01:21,967 INFO [1757484077408]       StepMonitoring.java:98   | STEM_SEEDS
2025-09-09 23:01:22,020 INFO [1757484077408]        StemSeedsStep.java:86   | stem(2 max:3)
2025-09-09 23:01:22,052 INFO [1757484077408]       StepMonitoring.java:98   | BEAMS
2025-09-09 23:01:26,039 INFO [1757484077408]       StepMonitoring.java:98   | LEDGERS
2025-09-09 23:01:26,168 INFO [1757484077408]       StepMonitoring.java:98   | HEADS
2025-09-09 23:01:31,163 INFO [1757484077408]        HeadSeedTally.java:235  | Scale information: HeadSeeds{NOTEHEAD_BLACK[L:-0.5,R:-0.6]}
2025-09-09 23:01:31,164 INFO [1757484077408]       StepMonitoring.java:98   | STEMS
2025-09-09 23:01:31,430 INFO [1757484077408]       StepMonitoring.java:98   | REDUCTION
2025-09-09 23:01:31,540 INFO [1757484077408]        ReductionStep.java:105  | Stems free length median value: 74 pixels, 3.5 interlines
2025-09-09 23:01:31,545 INFO [1757484077408]       StepMonitoring.java:98   | CUE_BEAMS
2025-09-09 23:01:31,545 INFO [1757484077408]         CueBeamsStep.java:81   | Step CUE_BEAMS is skipped because small heads switch is off
2025-09-09 23:01:31,546 INFO [1757484077408]       StepMonitoring.java:98   | TEXTS
2025-09-09 23:01:31,688 WARN [1757484077408]         TesseractOCR.java:335  | The collection of supported languages is empty
2025-09-09 23:01:31,689 INFO [1757484077408]              OcrUtil.java:106  | Missing support for 'eng' language(s)
2025-09-09 23:01:31,696 INFO [1757484077408]       StepMonitoring.java:98   | MEASURES
2025-09-09 23:01:31,704 INFO [1757484077408]                 Page.java:307  | 65 raw measures: [7 in system#1, 7 in system#2, 7 in system#3, 7 in system#4, 7 in system#5, 7 in system#6, 7 in system#7, 7 in system#8, 5 in system#9, 4 in system#10]
2025-09-09 23:01:31,705 INFO [1757484077408]       StepMonitoring.java:98   | CHORDS
2025-09-09 23:01:31,716 INFO [1757484077408]       StepMonitoring.java:98   | CURVES
2025-09-09 23:01:32,411 INFO [1757484077408]         SlursBuilder.java:240  | Slurs: 41
2025-09-09 23:01:32,416 INFO [1757484077408]      SegmentsBuilder.java:155  | Segments: 14
2025-09-09 23:01:32,419 INFO [1757484077408]       StepMonitoring.java:98   | SYMBOLS
2025-09-09 23:01:32,633 INFO [1757484077408]       StepMonitoring.java:98   | LINKS
2025-09-09 23:01:32,640 INFO [1757484077408]        SymbolsLinker.java:257  | No chord linked to OctaveShiftInter#4312{(0.764) staff:2 OTTAVA ALTA}
2025-09-09 23:01:32,643 INFO [1757484077408]        SymbolsLinker.java:257  | No chord linked to OctaveShiftInter#4324{(0.632) staff:3 VENTIDUESIMA BASSA}
2025-09-09 23:01:32,645 INFO [1757484077408]        SymbolsLinker.java:257  | No chord linked to OctaveShiftInter#4331{(0.632) staff:4 VENTIDUESIMA ALTA}
2025-09-09 23:01:32,659 INFO [1757484077408]       StepMonitoring.java:98   | RHYTHMS
2025-09-09 23:01:32,693 INFO [1757484077408]       StepMonitoring.java:98   | PAGE
2025-09-09 23:01:32,698 INFO [1757484077408]                 Book.java:2550 | Book{1757484077408} storing
2025-09-09 23:01:32,736 INFO [1757484077408]                 Book.java:2531 | Stored /book.xml
2025-09-09 23:01:32,889 INFO [1757484077408]           DataHolder.java:348  | Stored /sheet#1/BINARY.png
2025-09-09 23:01:33,539 INFO [1757484077408]                Sheet.java:1562 | Stored /sheet#1/sheet#1.xml
2025-09-09 23:01:33,540 INFO [1757484077408]                 Book.java:2491 | Book stored as /Users/isabellelin/Documents/polygence-website/uploads/1757484077408.omr
2025-09-09 23:01:33,542 INFO [1757484077408]            SheetStub.java:1644 | Disposed sheet
2025-09-09 23:01:33,585 INFO [1757484077408]                 Book.java:2018 | End of Stub#1 memory: 37,360,552
2025-09-09 23:01:33,585 INFO [1757484077408]                 Book.java:2025 | Book processed.
2025-09-09 23:01:33,881 INFO [1757484077408]            SheetStub.java:995  | Loaded /sheet#1/sheet#1.xml
2025-09-09 23:01:34,077 INFO [1757484077408]      PartwiseBuilder.java:2661 | Exporting sheet(s): [#1]
2025-09-09 23:01:34,129 INFO [1757484077408]        ScoreExporter.java:164  | Score 1757484077408 exported to /Users/isabellelin/Documents/polygence-website/uploads/1757484077408.mxl
2025-09-09 23:01:34,155 INFO [1757484077408]                Score.java:181  | Closing {Score 1}
