2025-09-10 18:08:29,859 ERROR [1757552907534]              IOUtils.java:278  | Unmapping is not supported.
java.lang.reflect.InaccessibleObjectException: Unable to make public jdk.internal.ref.Cleaner java.nio.DirectByteBuffer.cleaner() accessible: module java.base does not "opens java.nio" to unnamed module @41fbdac4
	at java.base/java.lang.reflect.AccessibleObject.throwInaccessibleObjectException(Unknown Source)
	at java.base/java.lang.reflect.AccessibleObject.checkCanSetAccessible(Unknown Source)
	at java.base/java.lang.reflect.AccessibleObject.checkCanSetAccessible(Unknown Source)
	at java.base/java.lang.reflect.Method.checkCanSetAccessible(Unknown Source)
	at java.base/java.lang.reflect.Method.setAccessible(Unknown Source)
	at org.apache.pdfbox.io.IOUtils.unmapper(IOUtils.java:244)
	at java.base/java.security.AccessController.doPrivileged(Unknown Source)
	at org.apache.pdfbox.io.IOUtils.<clinit>(IOUtils.java:69)
	at org.apache.pdfbox.Loader.loadPDF(Loader.java:378)
	at org.audiveris.omr.image.ImageLoading.getPdfLoader(ImageLoading.java:159)
	at org.audiveris.omr.image.ImageLoading.getLoader(ImageLoading.java:209)
	at org.audiveris.omr.sheet.Book.createStubs(Book.java:557)
	at org.audiveris.omr.CLI$ProcessingTask.processBook(CLI.java:830)
	at org.audiveris.omr.CLI$CliTask.call(CLI.java:504)
	at org.audiveris.omr.Main.runBatchTasks(Main.java:371)
	at org.audiveris.omr.Main.main(Main.java:260)
	at Audiveris.main(Audiveris.java:50)
2025-09-10 18:08:29,914 INFO [1757552907534]                 Book.java:562  | 1 sheet in /Users/isabellelin/Documents/polygence-website/uploads/1757552907534.pdf
2025-09-10 18:08:30,079 INFO []                 Book.java:2531 | Stored /book.xml
2025-09-10 18:08:30,080 INFO []                 Book.java:2491 | Book stored as /Users/isabellelin/Documents/polygence-website/uploads/1757552907534.omr
2025-09-10 18:08:30,083 INFO []                 Book.java:1933 | Book reaching PAGE on sheets:[#1]
2025-09-10 18:08:30,083 INFO [1757552907534]       StepMonitoring.java:98   | LOAD
2025-09-10 18:08:30,313 INFO [1757552907534]            SheetStub.java:1268 | Loaded image #1 2883x3633 from /Users/isabellelin/Documents/polygence-website/uploads/1757552907534.pdf
2025-09-10 18:08:30,315 INFO [1757552907534]       StepMonitoring.java:98   | BINARY
2025-09-10 18:08:30,743 INFO [1757552907534]       StepMonitoring.java:98   | SCALE
2025-09-10 18:08:30,754 INFO [1757552907534]         ScaleBuilder.java:241  | Beam  guessed height: 10 -- 0.50 of 21 interline
2025-09-10 18:08:30,755 INFO [1757552907534]         ScaleBuilder.java:264  | Beam measured height: 11 -- 0.33 of [6..21] range at 126% of needed quorum
2025-09-10 18:08:30,755 INFO [1757552907534]            ScaleStep.java:65   | Scale{ interline(21,21,21) line(2,2,2) beam(11)}
2025-09-10 18:08:30,756 INFO [1757552907534]       StepMonitoring.java:98   | GRID
2025-09-10 18:08:31,039 INFO [1757552907534]       LinesRetriever.java:1500 | Global slope: 0.00000
2025-09-10 18:08:31,053 INFO [1757552907534]    ClustersRetriever.java:853  | Destroying spurious Cluster#C177{interline(21,21,21) size:5 fil#141@0 fil#156@1 fil#162@2 fil#167@3 fil#177@4}
2025-09-10 18:08:31,053 INFO [1757552907534]    ClustersRetriever.java:328  | Retrieved raw line clusters: 1 of sizes [5] with interline(21,21,21)
2025-09-10 18:08:31,100 INFO [1757552907534]            PeakGraph.java:310  | Systems: #1[1]
2025-09-10 18:08:31,301 INFO [1757552907534]        SystemManager.java:779  | 1 part along 1 system
2025-09-10 18:08:31,302 INFO [1757552907534]                 Book.java:545  | Created scores: [{Score 1}]
2025-09-10 18:08:31,302 INFO [1757552907534]       StepMonitoring.java:98   | HEADERS
2025-09-10 18:08:31,650 INFO [1757552907534]      BasicClassifier.java:277  | Classifier loaded XML norms.
2025-09-10 18:08:31,653 INFO [1757552907534]   AbstractClassifier.java:396  | Classifier data loaded from default uri jar:file:/Applications/Audiveris.app/Contents/app/audiveris.jar!/res/basic-classifier.zip
2025-09-10 18:08:32,513 INFO [1757552907534]       StepMonitoring.java:98   | STEM_SEEDS
2025-09-10 18:08:32,577 INFO [1757552907534]        StemSeedsStep.java:86   | stem(2 max:3)
2025-09-10 18:08:32,596 INFO [1757552907534]       StepMonitoring.java:98   | BEAMS
2025-09-10 18:08:38,994 INFO [1757552907534]       StepMonitoring.java:98   | LEDGERS
2025-09-10 18:08:39,368 INFO [1757552907534]       StepMonitoring.java:98   | HEADS
2025-09-10 18:08:41,067 INFO [1757552907534]        HeadSeedTally.java:235  | Scale information: HeadSeeds{NOTEHEAD_BLACK[R:-0.5]}
2025-09-10 18:08:41,068 INFO [1757552907534]       StepMonitoring.java:98   | STEMS
2025-09-10 18:08:41,214 INFO [1757552907534]       StepMonitoring.java:98   | REDUCTION
2025-09-10 18:08:41,276 INFO [1757552907534]        ReductionStep.java:105  | Stems free length median value: 74 pixels, 3.5 interlines
2025-09-10 18:08:41,280 INFO [1757552907534]       StepMonitoring.java:98   | CUE_BEAMS
2025-09-10 18:08:41,281 INFO [1757552907534]         CueBeamsStep.java:81   | Step CUE_BEAMS is skipped because small heads switch is off
2025-09-10 18:08:41,283 INFO [1757552907534]       StepMonitoring.java:98   | TEXTS
2025-09-10 18:08:41,442 WARN [1757552907534]         TesseractOCR.java:335  | The collection of supported languages is empty
2025-09-10 18:08:41,443 INFO [1757552907534]              OcrUtil.java:106  | Missing support for 'eng' language(s)
2025-09-10 18:08:41,449 INFO [1757552907534]       StepMonitoring.java:98   | MEASURES
2025-09-10 18:08:41,458 INFO [1757552907534]                 Page.java:307  | 7 raw measures: [7 in system#1]
2025-09-10 18:08:41,458 INFO [1757552907534]       StepMonitoring.java:98   | CHORDS
2025-09-10 18:08:41,465 INFO [1757552907534]       StepMonitoring.java:98   | CURVES
2025-09-10 18:08:42,662 INFO [1757552907534]         SlursBuilder.java:240  | Slurs: 0
2025-09-10 18:08:42,666 INFO [1757552907534]      SegmentsBuilder.java:155  | Segments: 0
2025-09-10 18:08:42,670 INFO [1757552907534]       StepMonitoring.java:98   | SYMBOLS
2025-09-10 18:08:42,893 INFO [1757552907534]       StepMonitoring.java:98   | LINKS
2025-09-10 18:08:42,914 INFO [1757552907534]       StepMonitoring.java:98   | RHYTHMS
2025-09-10 18:08:42,954 INFO [1757552907534]       StepMonitoring.java:98   | PAGE
2025-09-10 18:08:42,960 INFO [1757552907534]                 Book.java:2550 | Book{1757552907534} storing
2025-09-10 18:08:42,999 INFO [1757552907534]                 Book.java:2531 | Stored /book.xml
2025-09-10 18:08:43,233 INFO [1757552907534]           DataHolder.java:348  | Stored /sheet#1/BINARY.png
2025-09-10 18:08:43,457 INFO [1757552907534]                Sheet.java:1562 | Stored /sheet#1/sheet#1.xml
2025-09-10 18:08:43,457 INFO [1757552907534]                 Book.java:2491 | Book stored as /Users/isabellelin/Documents/polygence-website/uploads/1757552907534.omr
2025-09-10 18:08:43,460 INFO [1757552907534]            SheetStub.java:1644 | Disposed sheet
2025-09-10 18:08:43,496 INFO [1757552907534]                 Book.java:2018 | End of Stub#1 memory: 36,277,784
2025-09-10 18:08:43,497 INFO [1757552907534]                 Book.java:2025 | Book processed.
2025-09-10 18:08:43,923 INFO [1757552907534]            SheetStub.java:995  | Loaded /sheet#1/sheet#1.xml
2025-09-10 18:08:44,124 INFO [1757552907534]      PartwiseBuilder.java:2661 | Exporting sheet(s): [#1]
2025-09-10 18:08:44,151 INFO [1757552907534]        ScoreExporter.java:164  | Score 1757552907534 exported to /Users/isabellelin/Documents/polygence-website/uploads/1757552907534.mxl
2025-09-10 18:08:44,174 INFO [1757552907534]                Score.java:181  | Closing {Score 1}
