2025-09-09 23:02:59,648 ERROR [1757484177874]              IOUtils.java:278  | Unmapping is not supported.
java.lang.reflect.InaccessibleObjectException: Unable to make public jdk.internal.ref.Cleaner java.nio.DirectByteBuffer.cleaner() accessible: module java.base does not "opens java.nio" to unnamed module @41fbdac4
	at java.base/java.lang.reflect.AccessibleObject.throwInaccessibleObjectException(Unknown Source)
	at java.base/java.lang.reflect.AccessibleObject.checkCanSetAccessible(Unknown Source)
	at java.base/java.lang.reflect.AccessibleObject.checkCanSetAccessible(Unknown Source)
	at java.base/java.lang.reflect.Method.checkCanSetAccessible(Unknown Source)
	at java.base/java.lang.reflect.Method.setAccessible(Unknown Source)
	at org.apache.pdfbox.io.IOUtils.unmapper(IOUtils.java:244)
	at java.base/java.security.AccessController.doPrivileged(Unknown Source)
	at org.apache.pdfbox.io.IOUtils.<clinit>(IOUtils.java:69)
	at org.apache.pdfbox.Loader.loadPDF(Loader.java:378)
	at org.audiveris.omr.image.ImageLoading.getPdfLoader(ImageLoading.java:159)
	at org.audiveris.omr.image.ImageLoading.getLoader(ImageLoading.java:209)
	at org.audiveris.omr.sheet.Book.createStubs(Book.java:557)
	at org.audiveris.omr.CLI$ProcessingTask.processBook(CLI.java:830)
	at org.audiveris.omr.CLI$CliTask.call(CLI.java:504)
	at org.audiveris.omr.Main.runBatchTasks(Main.java:371)
	at org.audiveris.omr.Main.main(Main.java:260)
	at Audiveris.main(Audiveris.java:50)
2025-09-09 23:02:59,695 INFO [1757484177874]                 Book.java:562  | 1 sheet in /Users/isabellelin/Documents/polygence-website/uploads/1757484177874.pdf
2025-09-09 23:02:59,802 INFO []                 Book.java:2531 | Stored /book.xml
2025-09-09 23:02:59,802 INFO []                 Book.java:2491 | Book stored as /Users/isabellelin/Documents/polygence-website/uploads/1757484177874.omr
2025-09-09 23:02:59,805 INFO []                 Book.java:1933 | Book reaching PAGE on sheets:[#1]
2025-09-09 23:02:59,806 INFO [1757484177874]       StepMonitoring.java:98   | LOAD
2025-09-09 23:03:00,021 INFO [1757484177874]            SheetStub.java:1268 | Loaded image #1 2883x3633 from /Users/isabellelin/Documents/polygence-website/uploads/1757484177874.pdf
2025-09-09 23:03:00,023 INFO [1757484177874]       StepMonitoring.java:98   | BINARY
2025-09-09 23:03:00,432 INFO [1757484177874]       StepMonitoring.java:98   | SCALE
2025-09-09 23:03:00,442 INFO [1757484177874]         ScaleBuilder.java:241  | Beam  guessed height: 10 -- 0.50 of 21 interline
2025-09-09 23:03:00,443 INFO [1757484177874]         ScaleBuilder.java:264  | Beam measured height: 11 -- 0.33 of [6..21] range at 126% of needed quorum
2025-09-09 23:03:00,443 INFO [1757484177874]            ScaleStep.java:65   | Scale{ interline(21,21,21) line(2,2,2) beam(11)}
2025-09-09 23:03:00,443 INFO [1757484177874]       StepMonitoring.java:98   | GRID
2025-09-09 23:03:00,689 INFO [1757484177874]       LinesRetriever.java:1500 | Global slope: 0.00000
2025-09-09 23:03:00,700 INFO [1757484177874]    ClustersRetriever.java:853  | Destroying spurious Cluster#C177{interline(21,21,21) size:5 fil#141@0 fil#156@1 fil#162@2 fil#167@3 fil#177@4}
2025-09-09 23:03:00,700 INFO [1757484177874]    ClustersRetriever.java:328  | Retrieved raw line clusters: 1 of sizes [5] with interline(21,21,21)
2025-09-09 23:03:00,730 INFO [1757484177874]            PeakGraph.java:310  | Systems: #1[1]
2025-09-09 23:03:00,889 INFO [1757484177874]        SystemManager.java:779  | 1 part along 1 system
2025-09-09 23:03:00,890 INFO [1757484177874]                 Book.java:545  | Created scores: [{Score 1}]
2025-09-09 23:03:00,890 INFO [1757484177874]       StepMonitoring.java:98   | HEADERS
2025-09-09 23:03:01,126 INFO [1757484177874]      BasicClassifier.java:277  | Classifier loaded XML norms.
2025-09-09 23:03:01,129 INFO [1757484177874]   AbstractClassifier.java:396  | Classifier data loaded from default uri jar:file:/Applications/Audiveris.app/Contents/app/audiveris.jar!/res/basic-classifier.zip
2025-09-09 23:03:01,710 INFO [1757484177874]       StepMonitoring.java:98   | STEM_SEEDS
2025-09-09 23:03:01,755 INFO [1757484177874]        StemSeedsStep.java:86   | stem(2 max:3)
2025-09-09 23:03:01,769 INFO [1757484177874]       StepMonitoring.java:98   | BEAMS
2025-09-09 23:03:06,136 INFO [1757484177874]       StepMonitoring.java:98   | LEDGERS
2025-09-09 23:03:06,195 INFO [1757484177874]       StepMonitoring.java:98   | HEADS
2025-09-09 23:03:07,106 INFO [1757484177874]        HeadSeedTally.java:235  | Scale information: HeadSeeds{NOTEHEAD_BLACK[R:-0.5]}
2025-09-09 23:03:07,106 INFO [1757484177874]       StepMonitoring.java:98   | STEMS
2025-09-09 23:03:07,222 INFO [1757484177874]       StepMonitoring.java:98   | REDUCTION
2025-09-09 23:03:07,254 INFO [1757484177874]        ReductionStep.java:105  | Stems free length median value: 74 pixels, 3.5 interlines
2025-09-09 23:03:07,257 INFO [1757484177874]       StepMonitoring.java:98   | CUE_BEAMS
2025-09-09 23:03:07,258 INFO [1757484177874]         CueBeamsStep.java:81   | Step CUE_BEAMS is skipped because small heads switch is off
2025-09-09 23:03:07,259 INFO [1757484177874]       StepMonitoring.java:98   | TEXTS
2025-09-09 23:03:07,366 WARN [1757484177874]         TesseractOCR.java:335  | The collection of supported languages is empty
2025-09-09 23:03:07,367 INFO [1757484177874]              OcrUtil.java:106  | Missing support for 'eng' language(s)
2025-09-09 23:03:07,377 INFO [1757484177874]       StepMonitoring.java:98   | MEASURES
2025-09-09 23:03:07,386 INFO [1757484177874]                 Page.java:307  | 7 raw measures: [7 in system#1]
2025-09-09 23:03:07,387 INFO [1757484177874]       StepMonitoring.java:98   | CHORDS
2025-09-09 23:03:07,539 INFO [1757484177874]       StepMonitoring.java:98   | CURVES
2025-09-09 23:03:08,537 INFO [1757484177874]         SlursBuilder.java:240  | Slurs: 0
2025-09-09 23:03:08,539 INFO [1757484177874]      SegmentsBuilder.java:155  | Segments: 0
2025-09-09 23:03:08,542 INFO [1757484177874]       StepMonitoring.java:98   | SYMBOLS
2025-09-09 23:03:08,649 INFO [1757484177874]       StepMonitoring.java:98   | LINKS
2025-09-09 23:03:08,657 INFO [1757484177874]       StepMonitoring.java:98   | RHYTHMS
2025-09-09 23:03:08,675 INFO [1757484177874]       StepMonitoring.java:98   | PAGE
2025-09-09 23:03:08,678 INFO [1757484177874]                 Book.java:2550 | Book{1757484177874} storing
2025-09-09 23:03:08,699 INFO [1757484177874]                 Book.java:2531 | Stored /book.xml
2025-09-09 23:03:08,846 INFO [1757484177874]           DataHolder.java:348  | Stored /sheet#1/BINARY.png
2025-09-09 23:03:09,021 INFO [1757484177874]                Sheet.java:1562 | Stored /sheet#1/sheet#1.xml
2025-09-09 23:03:09,021 INFO [1757484177874]                 Book.java:2491 | Book stored as /Users/isabellelin/Documents/polygence-website/uploads/1757484177874.omr
2025-09-09 23:03:09,022 INFO [1757484177874]            SheetStub.java:1644 | Disposed sheet
2025-09-09 23:03:09,056 INFO [1757484177874]                 Book.java:2018 | End of Stub#1 memory: 36,861,880
2025-09-09 23:03:09,057 INFO [1757484177874]                 Book.java:2025 | Book processed.
2025-09-09 23:03:09,209 INFO [1757484177874]            SheetStub.java:995  | Loaded /sheet#1/sheet#1.xml
2025-09-09 23:03:09,418 INFO [1757484177874]      PartwiseBuilder.java:2661 | Exporting sheet(s): [#1]
2025-09-09 23:03:09,443 INFO [1757484177874]        ScoreExporter.java:164  | Score 1757484177874 exported to /Users/isabellelin/Documents/polygence-website/uploads/1757484177874.mxl
2025-09-09 23:03:09,465 INFO [1757484177874]                Score.java:181  | Closing {Score 1}
