2025-09-10 18:18:30,083 ERROR [1757553508342]              IOUtils.java:278  | Unmapping is not supported.
java.lang.reflect.InaccessibleObjectException: Unable to make public jdk.internal.ref.Cleaner java.nio.DirectByteBuffer.cleaner() accessible: module java.base does not "opens java.nio" to unnamed module @41fbdac4
	at java.base/java.lang.reflect.AccessibleObject.throwInaccessibleObjectException(Unknown Source)
	at java.base/java.lang.reflect.AccessibleObject.checkCanSetAccessible(Unknown Source)
	at java.base/java.lang.reflect.AccessibleObject.checkCanSetAccessible(Unknown Source)
	at java.base/java.lang.reflect.Method.checkCanSetAccessible(Unknown Source)
	at java.base/java.lang.reflect.Method.setAccessible(Unknown Source)
	at org.apache.pdfbox.io.IOUtils.unmapper(IOUtils.java:244)
	at java.base/java.security.AccessController.doPrivileged(Unknown Source)
	at org.apache.pdfbox.io.IOUtils.<clinit>(IOUtils.java:69)
	at org.apache.pdfbox.Loader.loadPDF(Loader.java:378)
	at org.audiveris.omr.image.ImageLoading.getPdfLoader(ImageLoading.java:159)
	at org.audiveris.omr.image.ImageLoading.getLoader(ImageLoading.java:209)
	at org.audiveris.omr.sheet.Book.createStubs(Book.java:557)
	at org.audiveris.omr.CLI$ProcessingTask.processBook(CLI.java:830)
	at org.audiveris.omr.CLI$CliTask.call(CLI.java:504)
	at org.audiveris.omr.Main.runBatchTasks(Main.java:371)
	at org.audiveris.omr.Main.main(Main.java:260)
	at Audiveris.main(Audiveris.java:50)
2025-09-10 18:18:30,131 INFO [1757553508342]                 Book.java:562  | 1 sheet in /Users/isabellelin/Documents/polygence-website/uploads/1757553508342.pdf
2025-09-10 18:18:30,239 INFO []                 Book.java:2531 | Stored /book.xml
2025-09-10 18:18:30,239 INFO []                 Book.java:2491 | Book stored as /Users/isabellelin/Documents/polygence-website/uploads/1757553508342.omr
2025-09-10 18:18:30,243 INFO []                 Book.java:1933 | Book reaching PAGE on sheets:[#1]
2025-09-10 18:18:30,244 INFO [1757553508342]       StepMonitoring.java:98   | LOAD
2025-09-10 18:18:30,467 INFO [1757553508342]            SheetStub.java:1268 | Loaded image #1 2883x3633 from /Users/isabellelin/Documents/polygence-website/uploads/1757553508342.pdf
2025-09-10 18:18:30,470 INFO [1757553508342]       StepMonitoring.java:98   | BINARY
2025-09-10 18:18:30,881 INFO [1757553508342]       StepMonitoring.java:98   | SCALE
2025-09-10 18:18:30,891 INFO [1757553508342]         ScaleBuilder.java:241  | Beam  guessed height: 10 -- 0.50 of 21 interline
2025-09-10 18:18:30,892 INFO [1757553508342]         ScaleBuilder.java:264  | Beam measured height: 11 -- 0.33 of [6..21] range at 126% of needed quorum
2025-09-10 18:18:30,892 INFO [1757553508342]            ScaleStep.java:65   | Scale{ interline(21,21,21) line(2,2,2) beam(11)}
2025-09-10 18:18:30,893 INFO [1757553508342]       StepMonitoring.java:98   | GRID
2025-09-10 18:18:31,110 INFO [1757553508342]       LinesRetriever.java:1500 | Global slope: 0.00000
2025-09-10 18:18:31,118 INFO [1757553508342]    ClustersRetriever.java:853  | Destroying spurious Cluster#C177{interline(21,21,21) size:5 fil#141@0 fil#156@1 fil#162@2 fil#167@3 fil#177@4}
2025-09-10 18:18:31,118 INFO [1757553508342]    ClustersRetriever.java:328  | Retrieved raw line clusters: 1 of sizes [5] with interline(21,21,21)
2025-09-10 18:18:31,142 INFO [1757553508342]            PeakGraph.java:310  | Systems: #1[1]
2025-09-10 18:18:31,263 INFO [1757553508342]        SystemManager.java:779  | 1 part along 1 system
2025-09-10 18:18:31,264 INFO [1757553508342]                 Book.java:545  | Created scores: [{Score 1}]
2025-09-10 18:18:31,264 INFO [1757553508342]       StepMonitoring.java:98   | HEADERS
2025-09-10 18:18:31,456 INFO [1757553508342]      BasicClassifier.java:277  | Classifier loaded XML norms.
2025-09-10 18:18:31,457 INFO [1757553508342]   AbstractClassifier.java:396  | Classifier data loaded from default uri jar:file:/Applications/Audiveris.app/Contents/app/audiveris.jar!/res/basic-classifier.zip
2025-09-10 18:18:31,932 INFO [1757553508342]       StepMonitoring.java:98   | STEM_SEEDS
2025-09-10 18:18:31,969 INFO [1757553508342]        StemSeedsStep.java:86   | stem(2 max:3)
2025-09-10 18:18:31,980 INFO [1757553508342]       StepMonitoring.java:98   | BEAMS
2025-09-10 18:18:36,240 INFO [1757553508342]       StepMonitoring.java:98   | LEDGERS
2025-09-10 18:18:36,285 INFO [1757553508342]       StepMonitoring.java:98   | HEADS
2025-09-10 18:18:37,129 INFO [1757553508342]        HeadSeedTally.java:235  | Scale information: HeadSeeds{NOTEHEAD_BLACK[R:-0.5]}
2025-09-10 18:18:37,130 INFO [1757553508342]       StepMonitoring.java:98   | STEMS
2025-09-10 18:18:37,207 INFO [1757553508342]       StepMonitoring.java:98   | REDUCTION
2025-09-10 18:18:37,225 INFO [1757553508342]        ReductionStep.java:105  | Stems free length median value: 74 pixels, 3.5 interlines
2025-09-10 18:18:37,226 INFO [1757553508342]       StepMonitoring.java:98   | CUE_BEAMS
2025-09-10 18:18:37,227 INFO [1757553508342]         CueBeamsStep.java:81   | Step CUE_BEAMS is skipped because small heads switch is off
2025-09-10 18:18:37,227 INFO [1757553508342]       StepMonitoring.java:98   | TEXTS
2025-09-10 18:18:37,293 WARN [1757553508342]         TesseractOCR.java:335  | The collection of supported languages is empty
2025-09-10 18:18:37,293 INFO [1757553508342]              OcrUtil.java:106  | Missing support for 'eng' language(s)
2025-09-10 18:18:37,297 INFO [1757553508342]       StepMonitoring.java:98   | MEASURES
2025-09-10 18:18:37,303 INFO [1757553508342]                 Page.java:307  | 7 raw measures: [7 in system#1]
2025-09-10 18:18:37,304 INFO [1757553508342]       StepMonitoring.java:98   | CHORDS
2025-09-10 18:18:37,309 INFO [1757553508342]       StepMonitoring.java:98   | CURVES
2025-09-10 18:18:38,227 INFO [1757553508342]         SlursBuilder.java:240  | Slurs: 0
2025-09-10 18:18:38,229 INFO [1757553508342]      SegmentsBuilder.java:155  | Segments: 0
2025-09-10 18:18:38,231 INFO [1757553508342]       StepMonitoring.java:98   | SYMBOLS
2025-09-10 18:18:38,329 INFO [1757553508342]       StepMonitoring.java:98   | LINKS
2025-09-10 18:18:38,339 INFO [1757553508342]       StepMonitoring.java:98   | RHYTHMS
2025-09-10 18:18:38,356 INFO [1757553508342]       StepMonitoring.java:98   | PAGE
2025-09-10 18:18:38,359 INFO [1757553508342]                 Book.java:2550 | Book{1757553508342} storing
2025-09-10 18:18:38,379 INFO [1757553508342]                 Book.java:2531 | Stored /book.xml
2025-09-10 18:18:38,521 INFO [1757553508342]           DataHolder.java:348  | Stored /sheet#1/BINARY.png
2025-09-10 18:18:38,695 INFO [1757553508342]                Sheet.java:1562 | Stored /sheet#1/sheet#1.xml
2025-09-10 18:18:38,695 INFO [1757553508342]                 Book.java:2491 | Book stored as /Users/isabellelin/Documents/polygence-website/uploads/1757553508342.omr
2025-09-10 18:18:38,697 INFO [1757553508342]            SheetStub.java:1644 | Disposed sheet
2025-09-10 18:18:38,728 INFO [1757553508342]                 Book.java:2018 | End of Stub#1 memory: 36,823,296
2025-09-10 18:18:38,729 INFO [1757553508342]                 Book.java:2025 | Book processed.
2025-09-10 18:18:38,870 INFO [1757553508342]            SheetStub.java:995  | Loaded /sheet#1/sheet#1.xml
2025-09-10 18:18:39,073 INFO [1757553508342]      PartwiseBuilder.java:2661 | Exporting sheet(s): [#1]
2025-09-10 18:18:39,097 INFO [1757553508342]        ScoreExporter.java:164  | Score 1757553508342 exported to /Users/isabellelin/Documents/polygence-website/uploads/1757553508342.mxl
2025-09-10 18:18:39,118 INFO [1757553508342]                Score.java:181  | Closing {Score 1}
