2025-09-09 22:50:13,919 ERROR [1757483412114]              IOUtils.java:278  | Unmapping is not supported.
java.lang.reflect.InaccessibleObjectException: Unable to make public jdk.internal.ref.Cleaner java.nio.DirectByteBuffer.cleaner() accessible: module java.base does not "opens java.nio" to unnamed module @41fbdac4
	at java.base/java.lang.reflect.AccessibleObject.throwInaccessibleObjectException(Unknown Source)
	at java.base/java.lang.reflect.AccessibleObject.checkCanSetAccessible(Unknown Source)
	at java.base/java.lang.reflect.AccessibleObject.checkCanSetAccessible(Unknown Source)
	at java.base/java.lang.reflect.Method.checkCanSetAccessible(Unknown Source)
	at java.base/java.lang.reflect.Method.setAccessible(Unknown Source)
	at org.apache.pdfbox.io.IOUtils.unmapper(IOUtils.java:244)
	at java.base/java.security.AccessController.doPrivileged(Unknown Source)
	at org.apache.pdfbox.io.IOUtils.<clinit>(IOUtils.java:69)
	at org.apache.pdfbox.Loader.loadPDF(Loader.java:378)
	at org.audiveris.omr.image.ImageLoading.getPdfLoader(ImageLoading.java:159)
	at org.audiveris.omr.image.ImageLoading.getLoader(ImageLoading.java:209)
	at org.audiveris.omr.sheet.Book.createStubs(Book.java:557)
	at org.audiveris.omr.CLI$ProcessingTask.processBook(CLI.java:830)
	at org.audiveris.omr.CLI$CliTask.call(CLI.java:504)
	at org.audiveris.omr.Main.runBatchTasks(Main.java:371)
	at org.audiveris.omr.Main.main(Main.java:260)
	at Audiveris.main(Audiveris.java:50)
2025-09-09 22:50:13,998 INFO [1757483412114]                 Book.java:562  | 1 sheet in /Users/isabellelin/Documents/polygence-website/uploads/1757483412114.pdf
2025-09-09 22:50:14,130 INFO []                 Book.java:2531 | Stored /book.xml
2025-09-09 22:50:14,130 INFO []                 Book.java:2491 | Book stored as /Users/isabellelin/Documents/polygence-website/uploads/1757483412114.omr
2025-09-09 22:50:14,135 INFO []                 Book.java:1933 | Book reaching PAGE on sheets:[#1]
2025-09-09 22:50:14,136 INFO [1757483412114]       StepMonitoring.java:98   | LOAD
2025-09-09 22:50:14,784 INFO [1757483412114]            SheetStub.java:1268 | Loaded image #1 2550x3299 from /Users/isabellelin/Documents/polygence-website/uploads/1757483412114.pdf
2025-09-09 22:50:14,791 INFO [1757483412114]       StepMonitoring.java:98   | BINARY
2025-09-09 22:50:15,369 INFO [1757483412114]       StepMonitoring.java:98   | SCALE
2025-09-09 22:50:15,398 INFO [1757483412114]         ScaleBuilder.java:241  | Beam  guessed height: 10 -- 0.50 of 21 interline
2025-09-09 22:50:15,399 INFO [1757483412114]         ScaleBuilder.java:264  | Beam measured height: 11 -- 0.33 of [6..21] range at 150% of needed quorum
2025-09-09 22:50:15,399 INFO [1757483412114]            ScaleStep.java:65   | Scale{ interline(21,21,22) line(2,2,2) beam(11)}
2025-09-09 22:50:15,400 INFO [1757483412114]       StepMonitoring.java:98   | GRID
2025-09-09 22:50:15,903 INFO [1757483412114]       LinesRetriever.java:1500 | Global slope: 0.00000
2025-09-09 22:50:15,937 INFO [1757483412114]    ClustersRetriever.java:328  | Retrieved raw line clusters: 10 of sizes [5] with interline(21,21,22)
2025-09-09 22:50:16,124 INFO [1757483412114]            PeakGraph.java:310  | Systems: #1[1] #2[2] #3[3] #4[4] #5[5] #6[6] #7[7] #8[8] #9[9] #10[10]
2025-09-09 22:50:16,569 INFO [1757483412114]        SystemManager.java:779  | 1 part along 10 systems
2025-09-09 22:50:16,571 INFO [1757483412114]                 Book.java:545  | Created scores: [{Score 1}]
2025-09-09 22:50:16,573 INFO [1757483412114]       StepMonitoring.java:98   | HEADERS
2025-09-09 22:50:17,323 INFO [1757483412114]      BasicClassifier.java:277  | Classifier loaded XML norms.
2025-09-09 22:50:17,328 INFO [1757483412114]   AbstractClassifier.java:396  | Classifier data loaded from default uri jar:file:/Applications/Audiveris.app/Contents/app/audiveris.jar!/res/basic-classifier.zip
2025-09-09 22:50:19,132 INFO [1757483412114]       StepMonitoring.java:98   | STEM_SEEDS
2025-09-09 22:50:19,214 INFO [1757483412114]        StemSeedsStep.java:86   | stem(5 max:5)
2025-09-09 22:50:19,423 INFO [1757483412114]       StepMonitoring.java:98   | BEAMS
2025-09-09 22:50:24,253 INFO [1757483412114]       StepMonitoring.java:98   | LEDGERS
2025-09-09 22:50:24,619 INFO [1757483412114]       StepMonitoring.java:98   | HEADS
2025-09-09 22:50:31,112 INFO [1757483412114]        HeadSeedTally.java:235  | Scale information: HeadSeeds{NOTEHEAD_BLACK[L:0.4,R:0.5]}
2025-09-09 22:50:31,114 INFO [1757483412114]       StepMonitoring.java:98   | STEMS
2025-09-09 22:50:31,468 INFO [1757483412114]       StepMonitoring.java:98   | REDUCTION
2025-09-09 22:50:31,531 INFO [1757483412114]        ReductionStep.java:105  | Stems free length median value: 75 pixels, 3.6 interlines
2025-09-09 22:50:31,534 INFO [1757483412114]       StepMonitoring.java:98   | CUE_BEAMS
2025-09-09 22:50:31,534 INFO [1757483412114]         CueBeamsStep.java:81   | Step CUE_BEAMS is skipped because small heads switch is off
2025-09-09 22:50:31,534 INFO [1757483412114]       StepMonitoring.java:98   | TEXTS
2025-09-09 22:50:31,662 WARN [1757483412114]         TesseractOCR.java:335  | The collection of supported languages is empty
2025-09-09 22:50:31,662 INFO [1757483412114]              OcrUtil.java:106  | Missing support for 'eng' language(s)
2025-09-09 22:50:31,669 INFO [1757483412114]       StepMonitoring.java:98   | MEASURES
2025-09-09 22:50:31,676 INFO [1757483412114]                 Page.java:307  | 65 raw measures: [7 in system#1, 7 in system#2, 7 in system#3, 7 in system#4, 7 in system#5, 7 in system#6, 7 in system#7, 7 in system#8, 5 in system#9, 4 in system#10]
2025-09-09 22:50:31,677 INFO [1757483412114]       StepMonitoring.java:98   | CHORDS
2025-09-09 22:50:31,687 INFO [1757483412114]       StepMonitoring.java:98   | CURVES
2025-09-09 22:50:35,772 INFO [1757483412114]         SlursBuilder.java:240  | Slurs: 48
2025-09-09 22:50:35,822 INFO [1757483412114]      SegmentsBuilder.java:155  | Segments: 43
2025-09-09 22:50:35,839 INFO [1757483412114]       StepMonitoring.java:98   | SYMBOLS
2025-09-09 22:50:37,370 INFO [1757483412114]       StepMonitoring.java:98   | LINKS
2025-09-09 22:50:37,374 INFO [1757483412114]        SymbolsLinker.java:257  | No chord linked to OctaveShiftInter#4998{(0.769) staff:1 OTTAVA BASSA}
2025-09-09 22:50:37,390 INFO [1757483412114]        SymbolsLinker.java:257  | No chord linked to OctaveShiftInter#5013{(0.769) staff:2 OTTAVA ALTA}
2025-09-09 22:50:37,397 INFO [1757483412114]        SymbolsLinker.java:257  | No chord linked to OctaveShiftInter#5025{(0.203) staff:3 VENTIDUESIMA BASSA}
2025-09-09 22:50:37,405 INFO [1757483412114]        SymbolsLinker.java:257  | No chord linked to OctaveShiftInter#5032{(0.203) staff:4 VENTIDUESIMA ALTA}
2025-09-09 22:50:37,420 INFO [1757483412114]        SymbolsLinker.java:257  | No chord linked to OctaveShiftInter#5071{(0.197) staff:5 VENTIDUESIMA BASSA}
2025-09-09 22:50:37,433 INFO [1757483412114]        SymbolsLinker.java:257  | No chord linked to OctaveShiftInter#5097{(0.197) staff:6 VENTIDUESIMA ALTA}
2025-09-09 22:50:37,474 INFO [1757483412114]       StepMonitoring.java:98   | RHYTHMS
2025-09-09 22:50:37,584 INFO [1757483412114]       StepMonitoring.java:98   | PAGE
2025-09-09 22:50:37,600 INFO [1757483412114]                 Book.java:2550 | Book{1757483412114} storing
2025-09-09 22:50:37,728 INFO [1757483412114]                 Book.java:2531 | Stored /book.xml
2025-09-09 22:50:38,028 INFO [1757483412114]           DataHolder.java:348  | Stored /sheet#1/BINARY.png
2025-09-09 22:50:39,036 INFO [1757483412114]                Sheet.java:1562 | Stored /sheet#1/sheet#1.xml
2025-09-09 22:50:39,036 INFO [1757483412114]                 Book.java:2491 | Book stored as /Users/isabellelin/Documents/polygence-website/uploads/1757483412114.omr
2025-09-09 22:50:39,039 INFO [1757483412114]            SheetStub.java:1644 | Disposed sheet
2025-09-09 22:50:39,098 INFO [1757483412114]                 Book.java:2018 | End of Stub#1 memory: 45,937,384
2025-09-09 22:50:39,099 INFO [1757483412114]                 Book.java:2025 | Book processed.
2025-09-09 22:50:39,776 INFO [1757483412114]            SheetStub.java:995  | Loaded /sheet#1/sheet#1.xml
2025-09-09 22:50:40,292 INFO [1757483412114]      PartwiseBuilder.java:2661 | Exporting sheet(s): [#1]
2025-09-09 22:50:40,398 INFO [1757483412114]        ScoreExporter.java:164  | Score 1757483412114 exported to /Users/isabellelin/Documents/polygence-website/uploads/1757483412114.mxl
2025-09-09 22:50:40,454 INFO [1757483412114]                Score.java:181  | Closing {Score 1}
